#
# There is insufficient memory for the Java Runtime Environment to continue.
# Native memory allocation (malloc) failed to allocate 1541936 bytes for Chunk::new
# Possible reasons:
#   The system is out of physical RAM or swap space
#   In 32 bit mode, the process size limit was hit
# Possible solutions:
#   Reduce memory load on the system
#   Increase physical memory or swap space
#   Check if swap backing store is full
#   Use 64 bit Java on a 64 bit OS
#   Decrease Java heap size (-Xmx/-Xms)
#   Decrease number of Java threads
#   Decrease Java thread stack sizes (-Xss)
#   Set larger code cache with -XX:ReservedCodeCacheSize=
# This output file may be truncated or incomplete.
#
#  Out of Memory Error (allocation.cpp:390), pid=9768, tid=0x0000000000001e4c
#
# JRE version: OpenJDK Runtime Environment (8.0_152-b01) (build 1.8.0_152-release-1343-b01)
# Java VM: OpenJDK 64-Bit Server VM (25.152-b01 mixed mode windows-amd64 compressed oops)
# Failed to write core dump. Minidumps are not enabled by default on client versions of Windows
#

---------------  T H R E A D  ---------------

Current thread (0x0000000016828000):  JavaThread "C2 CompilerThread0" daemon [_thread_in_native, id=7756, stack(0x0000000017ea0000,0x0000000017fa0000)]

Stack: [0x0000000017ea0000,0x0000000017fa0000]
[error occurred during error reporting (printing stack bounds), id 0xc0000005]

Native frames: (J=compiled Java code, j=interpreted, Vv=VM code, C=native code)


Current CompileTask:
C2:  41358 12363       4       com.android.tools.r8.ir.conversion.JarSourceCode::buildInstruction (264 bytes)


---------------  P R O C E S S  ---------------

Java Threads: ( => current thread )
  0x000000001839d000 JavaThread "ForkJoinPool.commonPool-worker-2" daemon [_thread_blocked, id=7284, stack(0x0000000026e00000,0x0000000026f00000)]
  0x000000001e69c000 JavaThread "ForkJoinPool.commonPool-worker-1" daemon [_thread_blocked, id=10936, stack(0x0000000026d00000,0x0000000026e00000)]
  0x0000000018395800 JavaThread "Cache worker for Java compile cache (C:\Users\Mayokun\Desktop\QuickNotes\.gradle\5.1.1\javaCompile)" [_thread_blocked, id=5636, stack(0x0000000026500000,0x0000000026600000)]
  0x000000001839c000 JavaThread "Cache worker for Java compile cache (C:\Users\Mayokun\.gradle\caches\5.1.1\javaCompile)" [_thread_blocked, id=12808, stack(0x0000000026400000,0x0000000026500000)]
  0x00000000183a2000 JavaThread "stdout" daemon [_thread_in_native, id=10764, stack(0x0000000026100000,0x0000000026200000)]
  0x00000000183a0000 JavaThread "stderr" daemon [_thread_in_native, id=9600, stack(0x0000000026000000,0x0000000026100000)]
  0x0000000018398800 JavaThread "stdout" daemon [_thread_in_native, id=7744, stack(0x0000000025f00000,0x0000000026000000)]
  0x000000001839f000 JavaThread "stderr" daemon [_thread_in_native, id=2816, stack(0x0000000025e00000,0x0000000025f00000)]
  0x000000001839e800 JavaThread "stdout" daemon [_thread_in_native, id=6268, stack(0x0000000025d00000,0x0000000025e00000)]
  0x0000000018397000 JavaThread "stderr" daemon [_thread_in_native, id=3360, stack(0x0000000025c00000,0x0000000025d00000)]
  0x0000000018397800 JavaThread "pool-2-thread-1" [_thread_blocked, id=8100, stack(0x0000000025b00000,0x0000000025c00000)]
  0x000000001839d800 JavaThread "MarlinRenderer Disposer" daemon [_thread_blocked, id=8112, stack(0x0000000025a00000,0x0000000025b00000)]
  0x0000000018396000 JavaThread "Java2D Disposer" daemon [_thread_blocked, id=7128, stack(0x0000000025900000,0x0000000025a00000)]
  0x000000001839b800 JavaThread "Cache worker for execution history cache (C:\Users\Mayokun\Desktop\QuickNotes\.gradle\5.1.1\executionHistory)" [_thread_blocked, id=5656, stack(0x0000000025100000,0x0000000025200000)]
  0x000000001839a800 JavaThread "Execution worker for ':' Thread 3" [_thread_blocked, id=6140, stack(0x0000000025000000,0x0000000025100000)]
  0x000000001e6a1000 JavaThread "Execution worker for ':' Thread 2" [_thread_blocked, id=12936, stack(0x0000000024f00000,0x0000000025000000)]
  0x000000001e6a0800 JavaThread "Execution worker for ':'" [_thread_blocked, id=9948, stack(0x0000000024e00000,0x0000000024f00000)]
  0x000000001e69f000 JavaThread "Cache worker for file content cache (C:\Users\Mayokun\Desktop\QuickNotes\.gradle\5.1.1\fileContent)" [_thread_blocked, id=11420, stack(0x0000000024b00000,0x0000000024c00000)]
  0x000000001e69d800 JavaThread "Cache worker for file content cache (C:\Users\Mayokun\.gradle\caches\5.1.1\fileContent)" [_thread_blocked, id=12840, stack(0x0000000024a00000,0x0000000024b00000)]
  0x000000001e69c800 JavaThread "Memory manager" [_thread_blocked, id=11044, stack(0x0000000023e10000,0x0000000023f10000)]
  0x000000001e694800 JavaThread "Cache worker for Build Output Cleanup Cache (C:\Users\Mayokun\Desktop\QuickNotes\.gradle\buildOutputCleanup)" [_thread_blocked, id=8324, stack(0x0000000023d10000,0x0000000023e10000)]
  0x000000001e693800 JavaThread "Build operations Thread 4" [_thread_blocked, id=8940, stack(0x0000000021eb0000,0x0000000021fb0000)]
  0x000000001e699800 JavaThread "Build operations Thread 3" [_thread_blocked, id=6376, stack(0x0000000021db0000,0x0000000021eb0000)]
  0x000000001e698000 JavaThread "Build operations Thread 2" [_thread_blocked, id=1576, stack(0x0000000020cc0000,0x0000000020dc0000)]
  0x000000001e697800 JavaThread "Build operations" [_thread_blocked, id=6700, stack(0x0000000020bc0000,0x0000000020cc0000)]
  0x000000001e696800 JavaThread "Cache worker for execution history cache (C:\Users\Mayokun\.gradle\caches\5.1.1\executionHistory)" [_thread_blocked, id=6264, stack(0x0000000020620000,0x0000000020720000)]
  0x000000001e69a800 JavaThread "Cache worker for cache directory md-rule (C:\Users\Mayokun\.gradle\caches\5.1.1\md-rule)" [_thread_blocked, id=5936, stack(0x0000000020120000,0x0000000020220000)]
  0x000000001e695000 JavaThread "Cache worker for cache directory md-supplier (C:\Users\Mayokun\.gradle\caches\5.1.1\md-supplier)" [_thread_blocked, id=7488, stack(0x000000001ef60000,0x000000001f060000)]
  0x000000001683e800 JavaThread "Cache worker for file hash cache (C:\Users\Mayokun\Desktop\QuickNotes\.gradle\5.1.1\fileHashes)" [_thread_blocked, id=11048, stack(0x000000001d590000,0x000000001d690000)]
  0x0000000016840800 JavaThread "Cache worker for journal cache (C:\Users\Mayokun\.gradle\caches\journal-1)" [_thread_blocked, id=10844, stack(0x000000001b2f0000,0x000000001b3f0000)]
  0x000000001683a800 JavaThread "File lock request listener" [_thread_in_native, id=1072, stack(0x000000001b1f0000,0x000000001b2f0000)]
  0x0000000019a9f800 JavaThread "Cache worker for file hash cache (C:\Users\Mayokun\.gradle\caches\5.1.1\fileHashes)" [_thread_blocked, id=6448, stack(0x000000001b0f0000,0x000000001b1f0000)]
  0x00000000198e4000 JavaThread "Thread-8" [_thread_blocked, id=2376, stack(0x000000001aff0000,0x000000001b0f0000)]
  0x00000000198d9000 JavaThread "Stdin handler" [_thread_blocked, id=12204, stack(0x000000001aef0000,0x000000001aff0000)]
  0x00000000198d8000 JavaThread "Asynchronous log dispatcher for DefaultDaemonConnection: socket connection from /127.0.0.1:14490 to /127.0.0.1:14491" [_thread_blocked, id=4544, stack(0x000000001abf0000,0x000000001acf0000)]
  0x0000000019a90800 JavaThread "Daemon worker" [_thread_in_vm, id=208, stack(0x000000001aaf0000,0x000000001abf0000)]
  0x0000000019a90000 JavaThread "Cancel handler" [_thread_blocked, id=7108, stack(0x000000001a9f0000,0x000000001aaf0000)]
  0x0000000019a7a800 JavaThread "Handler for socket connection from /127.0.0.1:14490 to /127.0.0.1:14491" [_thread_in_native, id=8976, stack(0x000000001a8f0000,0x000000001a9f0000)]
  0x0000000019a37800 JavaThread "Daemon" [_thread_blocked, id=8424, stack(0x000000001a7f0000,0x000000001a8f0000)]
  0x0000000019a11800 JavaThread "Daemon periodic checks" [_thread_blocked, id=4880, stack(0x000000001a6f0000,0x000000001a7f0000)]
  0x00000000196bd800 JavaThread "Incoming local TCP Connector on port 14490" [_thread_in_native, id=12192, stack(0x000000001a4b0000,0x000000001a5b0000)]
  0x00000000181d0800 JavaThread "Service Thread" daemon [_thread_blocked, id=7692, stack(0x00000000185a0000,0x00000000186a0000)]
  0x000000001683f000 JavaThread "C1 CompilerThread2" daemon [_thread_blocked, id=12744, stack(0x00000000180a0000,0x00000000181a0000)]
  0x000000001682b000 JavaThread "C2 CompilerThread1" daemon [_thread_in_native, id=9028, stack(0x0000000017fa0000,0x00000000180a0000)]
=>0x0000000016828000 JavaThread "C2 CompilerThread0" daemon [_thread_in_native, id=7756, stack(0x0000000017ea0000,0x0000000017fa0000)]
  0x0000000016835800 JavaThread "Attach Listener" daemon [_thread_blocked, id=3896, stack(0x0000000017da0000,0x0000000017ea0000)]
  0x0000000016834800 JavaThread "Signal Dispatcher" daemon [_thread_blocked, id=6784, stack(0x0000000017ca0000,0x0000000017da0000)]
  0x0000000002ebb800 JavaThread "Finalizer" daemon [_thread_blocked, id=2008, stack(0x0000000017aa0000,0x0000000017ba0000)]
  0x0000000002eb0800 JavaThread "Reference Handler" daemon [_thread_blocked, id=9672, stack(0x00000000179a0000,0x0000000017aa0000)]
  0x0000000002c5e000 JavaThread "main" [_thread_blocked, id=11344, stack(0x0000000002cc0000,0x0000000002dc0000)]

Other Threads:
  0x00000000167f6800 VMThread [stack: 0x00000000178a0000,0x00000000179a0000] [id=1056]
  0x000000001688c000 WatcherThread [stack: 0x00000000186a0000,0x00000000187a0000] [id=9908]

VM state:not at safepoint (normal execution)

VM Mutex/Monitor currently owned by a thread: None

Heap:
 PSYoungGen      total 219648K, used 198231K [0x00000000e0000000, 0x00000000eef00000, 0x0000000100000000)
  eden space 200192K, 94% used [0x00000000e0000000,0x00000000eb829008,0x00000000ec380000)
  from space 19456K, 49% used [0x00000000ed580000,0x00000000edeeced8,0x00000000ee880000)
  to   space 18432K, 0% used [0x00000000ec380000,0x00000000ec380000,0x00000000ed580000)
 ParOldGen       total 105984K, used 50073K [0x00000000a0000000, 0x00000000a6780000, 0x00000000e0000000)
  object space 105984K, 47% used [0x00000000a0000000,0x00000000a30e6498,0x00000000a6780000)
 Metaspace       used 79980K, capacity 82113K, committed 82196K, reserved 1120256K
  class space    used 10305K, capacity 10776K, committed 10812K, reserved 1048576K

Card table byte_map: [0x0000000012280000,0x0000000012590000] byte_map_base: 0x0000000011d80000

Marking Bits: (ParMarkBitMap*) 0x0000000051885aa0
 Begin Bits: [0x0000000012b90000, 0x0000000014390000)
 End Bits:   [0x0000000014390000, 0x0000000015b90000)

Polling page: 0x0000000000bf0000

CodeCache: size=245760Kb used=36919Kb max_used=36919Kb free=208840Kb
 bounds [0x0000000002ec0000, 0x0000000005300000, 0x0000000011ec0000]
 total_blobs=12022 nmethods=11057 adapters=877
 compilation: enabled

Compilation events (10 events):
Event: 41.342 Thread 0x000000001683f000 nmethod 12723 0x00000000052ef710 code [0x00000000052ef8a0, 0x00000000052efc78]
Event: 41.342 Thread 0x000000001683f000 12724       3       com.android.tools.r8.ir.conversion.JarState::getLocalsToOpen (156 bytes)
Event: 41.343 Thread 0x000000001683f000 nmethod 12724 0x00000000052efdd0 code [0x00000000052effe0, 0x00000000052f0a18]
Event: 41.343 Thread 0x000000001683f000 12725       3       com.android.tools.r8.ir.conversion.JarSourceCode::updateState (278 bytes)
Event: 41.346 Thread 0x000000001683f000 nmethod 12725 0x00000000052f0f90 code [0x00000000052f1360, 0x00000000052f3528]
Event: 41.347 Thread 0x000000001683f000 12726       3       com.android.tools.r8.ir.conversion.JarState::applyWrites (63 bytes)
Event: 41.348 Thread 0x000000001683f000 nmethod 12726 0x00000000052f4090 code [0x00000000052f4280, 0x00000000052f4b68]
Event: 41.348 Thread 0x000000001683f000 12727       3       com.android.tools.r8.ir.conversion.JarSourceCode::opType (180 bytes)
Event: 41.350 Thread 0x000000001683f000 nmethod 12727 0x00000000052f4e10 code [0x00000000052f5000, 0x00000000052f5938]
Event: 41.355 Thread 0x000000001683f000 12728       3       com.android.tools.r8.ir.regalloc.LinearScanRegisterAllocator::highestUsedRegister (7 bytes)

GC Heap History (10 events):
Event: 15.348 GC heap before
{Heap before GC invocations=15 (full 2):
 PSYoungGen      total 154112K, used 45444K [0x00000000e0000000, 0x00000000ea500000, 0x0000000100000000)
  eden space 141312K, 24% used [0x00000000e0000000,0x00000000e2198d78,0x00000000e8a00000)
  from space 12800K, 86% used [0x00000000e9800000,0x00000000ea2c83b0,0x00000000ea480000)
  to   space 13824K, 0% used [0x00000000e8a00000,0x00000000e8a00000,0x00000000e9780000)
 ParOldGen       total 71168K, used 28918K [0x00000000a0000000, 0x00000000a4580000, 0x00000000e0000000)
  object space 71168K, 40% used [0x00000000a0000000,0x00000000a1c3db88,0x00000000a4580000)
 Metaspace       used 57506K, capacity 58907K, committed 59028K, reserved 1099776K
  class space    used 7769K, capacity 8124K, committed 8124K, reserved 1048576K
Event: 15.362 GC heap after
Heap after GC invocations=15 (full 2):
 PSYoungGen      total 155136K, used 7366K [0x00000000e0000000, 0x00000000ec900000, 0x0000000100000000)
  eden space 141312K, 0% used [0x00000000e0000000,0x00000000e0000000,0x00000000e8a00000)
  from space 13824K, 53% used [0x00000000e8a00000,0x00000000e9131a80,0x00000000e9780000)
  to   space 13312K, 0% used [0x00000000ebc00000,0x00000000ebc00000,0x00000000ec900000)
 ParOldGen       total 71168K, used 28926K [0x00000000a0000000, 0x00000000a4580000, 0x00000000e0000000)
  object space 71168K, 40% used [0x00000000a0000000,0x00000000a1c3fb88,0x00000000a4580000)
 Metaspace       used 57506K, capacity 58907K, committed 59028K, reserved 1099776K
  class space    used 7769K, capacity 8124K, committed 8124K, reserved 1048576K
}
Event: 15.362 GC heap before
{Heap before GC invocations=16 (full 3):
 PSYoungGen      total 155136K, used 7366K [0x00000000e0000000, 0x00000000ec900000, 0x0000000100000000)
  eden space 141312K, 0% used [0x00000000e0000000,0x00000000e0000000,0x00000000e8a00000)
  from space 13824K, 53% used [0x00000000e8a00000,0x00000000e9131a80,0x00000000e9780000)
  to   space 13312K, 0% used [0x00000000ebc00000,0x00000000ebc00000,0x00000000ec900000)
 ParOldGen       total 71168K, used 28926K [0x00000000a0000000, 0x00000000a4580000, 0x00000000e0000000)
  object space 71168K, 40% used [0x00000000a0000000,0x00000000a1c3fb88,0x00000000a4580000)
 Metaspace       used 57506K, capacity 58907K, committed 59028K, reserved 1099776K
  class space    used 7769K, capacity 8124K, committed 8124K, reserved 1048576K
Event: 15.711 GC heap after
Heap after GC invocations=16 (full 3):
 PSYoungGen      total 155136K, used 0K [0x00000000e0000000, 0x00000000ec900000, 0x0000000100000000)
  eden space 141312K, 0% used [0x00000000e0000000,0x00000000e0000000,0x00000000e8a00000)
  from space 13824K, 0% used [0x00000000e8a00000,0x00000000e8a00000,0x00000000e9780000)
  to   space 13312K, 0% used [0x00000000ebc00000,0x00000000ebc00000,0x00000000ec900000)
 ParOldGen       total 105984K, used 28378K [0x00000000a0000000, 0x00000000a6780000, 0x00000000e0000000)
  object space 105984K, 26% used [0x00000000a0000000,0x00000000a1bb6960,0x00000000a6780000)
 Metaspace       used 57506K, capacity 58907K, committed 59028K, reserved 1099776K
  class space    used 7769K, capacity 8124K, committed 8124K, reserved 1048576K
}
Event: 21.112 GC heap before
{Heap before GC invocations=17 (full 3):
 PSYoungGen      total 155136K, used 141312K [0x00000000e0000000, 0x00000000ec900000, 0x0000000100000000)
  eden space 141312K, 100% used [0x00000000e0000000,0x00000000e8a00000,0x00000000e8a00000)
  from space 13824K, 0% used [0x00000000e8a00000,0x00000000e8a00000,0x00000000e9780000)
  to   space 13312K, 0% used [0x00000000ebc00000,0x00000000ebc00000,0x00000000ec900000)
 ParOldGen       total 105984K, used 28378K [0x00000000a0000000, 0x00000000a6780000, 0x00000000e0000000)
  object space 105984K, 26% used [0x00000000a0000000,0x00000000a1bb6960,0x00000000a6780000)
 Metaspace       used 61550K, capacity 63273K, committed 63508K, reserved 1103872K
  class space    used 8261K, capacity 8670K, committed 8764K, reserved 1048576K
Event: 21.150 GC heap after
Heap after GC invocations=17 (full 3):
 PSYoungGen      total 180224K, used 13302K [0x00000000e0000000, 0x00000000ec900000, 0x0000000100000000)
  eden space 166912K, 0% used [0x00000000e0000000,0x00000000e0000000,0x00000000ea300000)
  from space 13312K, 99% used [0x00000000ebc00000,0x00000000ec8fda10,0x00000000ec900000)
  to   space 16384K, 0% used [0x00000000ea900000,0x00000000ea900000,0x00000000eb900000)
 ParOldGen       total 105984K, used 32612K [0x00000000a0000000, 0x00000000a6780000, 0x00000000e0000000)
  object space 105984K, 30% used [0x00000000a0000000,0x00000000a1fd9008,0x00000000a6780000)
 Metaspace       used 61550K, capacity 63273K, committed 63508K, reserved 1103872K
  class space    used 8261K, capacity 8670K, committed 8764K, reserved 1048576K
}
Event: 28.324 GC heap before
{Heap before GC invocations=18 (full 3):
 PSYoungGen      total 180224K, used 180214K [0x00000000e0000000, 0x00000000ec900000, 0x0000000100000000)
  eden space 166912K, 100% used [0x00000000e0000000,0x00000000ea300000,0x00000000ea300000)
  from space 13312K, 99% used [0x00000000ebc00000,0x00000000ec8fda10,0x00000000ec900000)
  to   space 16384K, 0% used [0x00000000ea900000,0x00000000ea900000,0x00000000eb900000)
 ParOldGen       total 105984K, used 32612K [0x00000000a0000000, 0x00000000a6780000, 0x00000000e0000000)
  object space 105984K, 30% used [0x00000000a0000000,0x00000000a1fd9008,0x00000000a6780000)
 Metaspace       used 65999K, capacity 67741K, committed 67988K, reserved 1107968K
  class space    used 8707K, capacity 9108K, committed 9148K, reserved 1048576K
Event: 28.468 GC heap after
Heap after GC invocations=18 (full 3):
 PSYoungGen      total 189440K, used 16354K [0x00000000e0000000, 0x00000000ee880000, 0x0000000100000000)
  eden space 173056K, 0% used [0x00000000e0000000,0x00000000e0000000,0x00000000ea900000)
  from space 16384K, 99% used [0x00000000ea900000,0x00000000eb8f8868,0x00000000eb900000)
  to   space 19456K, 0% used [0x00000000ed580000,0x00000000ed580000,0x00000000ee880000)
 ParOldGen       total 105984K, used 34470K [0x00000000a0000000, 0x00000000a6780000, 0x00000000e0000000)
  object space 105984K, 32% used [0x00000000a0000000,0x00000000a21a9af0,0x00000000a6780000)
 Metaspace       used 65999K, capacity 67741K, committed 67988K, reserved 1107968K
  class space    used 8707K, capacity 9108K, committed 9148K, reserved 1048576K
}
Event: 33.114 GC heap before
{Heap before GC invocations=19 (full 3):
 PSYoungGen      total 189440K, used 186183K [0x00000000e0000000, 0x00000000ee880000, 0x0000000100000000)
  eden space 173056K, 98% used [0x00000000e0000000,0x00000000ea5d93a8,0x00000000ea900000)
  from space 16384K, 99% used [0x00000000ea900000,0x00000000eb8f8868,0x00000000eb900000)
  to   space 19456K, 0% used [0x00000000ed580000,0x00000000ed580000,0x00000000ee880000)
 ParOldGen       total 105984K, used 34470K [0x00000000a0000000, 0x00000000a6780000, 0x00000000e0000000)
  object space 105984K, 32% used [0x00000000a0000000,0x00000000a21a9af0,0x00000000a6780000)
 Metaspace       used 69945K, capacity 71697K, committed 71828K, reserved 1112064K
  class space    used 9210K, capacity 9596K, committed 9660K, reserved 1048576K
Event: 33.202 GC heap after
Heap after GC invocations=19 (full 3):
 PSYoungGen      total 219648K, used 9651K [0x00000000e0000000, 0x00000000eef00000, 0x0000000100000000)
  eden space 200192K, 0% used [0x00000000e0000000,0x00000000e0000000,0x00000000ec380000)
  from space 19456K, 49% used [0x00000000ed580000,0x00000000edeeced8,0x00000000ee880000)
  to   space 18432K, 0% used [0x00000000ec380000,0x00000000ec380000,0x00000000ed580000)
 ParOldGen       total 105984K, used 50073K [0x00000000a0000000, 0x00000000a6780000, 0x00000000e0000000)
  object space 105984K, 47% used [0x00000000a0000000,0x00000000a30e6498,0x00000000a6780000)
 Metaspace       used 69945K, capacity 71697K, committed 71828K, reserved 1112064K
  class space    used 9210K, capacity 9596K, committed 9660K, reserved 1048576K
}

Deoptimization events (10 events):
Event: 40.944 Thread 0x0000000019a90800 Uncommon trap: reason=unstable_if action=reinterpret pc=0x0000000004f3f97c method=com.android.tools.r8.ir.regalloc.LinearScanRegisterAllocator.realRegisterNumberFromAllocated(I)I @ 10
Event: 40.945 Thread 0x0000000019a90800 Uncommon trap: reason=unstable_if action=reinterpret pc=0x00000000050bb07c method=com.android.tools.r8.ir.regalloc.LiveIntervals.hasSplits()Z @ 9
Event: 41.226 Thread 0x0000000019a90800 Uncommon trap: reason=unstable_if action=reinterpret pc=0x000000000527139c method=com.android.tools.r8.ir.conversion.JarState$LocalsAtOffset.isLive(Lcom/android/tools/r8/ir/conversion/JarState$LocalNodeInfo;)Z @ 11
Event: 41.252 Thread 0x0000000019a90800 Uncommon trap: reason=unstable_if action=reinterpret pc=0x0000000005129f9c method=java.util.BitSet.get(I)Z @ 45
Event: 41.295 Thread 0x0000000019a90800 Uncommon trap: reason=unstable_if action=reinterpret pc=0x00000000050491b0 method=com.android.tools.r8.it.unimi.dsi.fastutil.ints.Int2ReferenceOpenHashMap.insert(ILjava/lang/Object;)I @ 85
Event: 41.341 Thread 0x0000000019a90800 Uncommon trap: reason=unstable_if action=reinterpret pc=0x0000000004f24fb0 method=com.android.tools.r8.ir.conversion.JarState$Slot.isCategory1(Lcom/android/tools/r8/org/objectweb/asm/Type;)Z @ 4
Event: 41.341 Thread 0x0000000019a90800 Uncommon trap: reason=unstable_if action=reinterpret pc=0x0000000004ff43cc method=com.android.tools.r8.ir.conversion.JarState$Slot.isCategory1(Lcom/android/tools/r8/org/objectweb/asm/Type;)Z @ 4
Event: 41.341 Thread 0x0000000019a90800 Uncommon trap: reason=unstable_if action=reinterpret pc=0x0000000004fb6c5c method=com.android.tools.r8.ir.conversion.JarState$Slot.isCategory1(Lcom/android/tools/r8/org/objectweb/asm/Type;)Z @ 4
Event: 41.341 Thread 0x0000000019a90800 Uncommon trap: reason=unstable_if action=reinterpret pc=0x0000000004f9ce38 method=com.android.tools.r8.ir.conversion.JarState$Slot.isCategory1(Lcom/android/tools/r8/org/objectweb/asm/Type;)Z @ 4
Event: 41.342 Thread 0x0000000019a90800 Uncommon trap: reason=unstable_if action=reinterpret pc=0x000000000515affc method=com.android.tools.r8.ir.conversion.JarState$Slot.isCategory1(Lcom/android/tools/r8/org/objectweb/asm/Type;)Z @ 4

Classes redefined (0 events):
No events

Internal exceptions (10 events):
Event: 21.542 Thread 0x000000001839c000 Exception <a 'java/io/FileNotFoundException'> (0x00000000e0b15c68) thrown at [D:\src\AOSP-openjdk-cygwin\jdk8u\hotspot\src\share\vm\prims\jni.cpp, line 709]
Event: 23.369 Thread 0x0000000019a90800 Implicit null exception at 0x00000000044a17ee to 0x000000000449f415
Event: 25.436 Thread 0x0000000019a90800 Exception <a 'java/lang/NoSuchMethodError': <clinit>> (0x00000000e49a0948) thrown at [D:\src\AOSP-openjdk-cygwin\jdk8u\hotspot\src\share\vm\prims\jni.cpp, line 1613]
Event: 26.196 Thread 0x000000001839a800 Exception <a 'java/lang/NoSuchMethodError': java.lang.Object.lambda$negate$1(Ljava/lang/Object;)Z> (0x00000000e6583270) thrown at [D:\src\AOSP-openjdk-cygwin\jdk8u\hotspot\src\share\vm\interpreter\linkResolver.cpp, line 584]
Event: 36.631 Thread 0x00000000198e4000 Exception <a 'java/lang/NoSuchMethodError': <clinit>> (0x00000000e3c97ca0) thrown at [D:\src\AOSP-openjdk-cygwin\jdk8u\hotspot\src\share\vm\prims\jni.cpp, line 1613]
Event: 36.708 Thread 0x000000001839a800 Exception <a 'sun/nio/fs/WindowsException'> (0x00000000e396d558) thrown at [D:\src\AOSP-openjdk-cygwin\jdk8u\hotspot\src\share\vm\prims\jni.cpp, line 709]
Event: 37.129 Thread 0x000000001e6a2800 Exception <a 'java/lang/NoSuchMethodError': java.lang.Object.lambda$static$0(Ljava/lang/String;)Z> (0x00000000e447b738) thrown at [D:\src\AOSP-openjdk-cygwin\jdk8u\hotspot\src\share\vm\interpreter\linkResolver.cpp, line 584]
Event: 37.132 Thread 0x000000001839d000 Implicit null exception at 0x0000000003a5f138 to 0x0000000003a5f5ed
Event: 37.236 Thread 0x0000000019a90800 Exception <a 'java/lang/NoSuchMethodError': java.lang.Object.lambda$and$0(Ljava/util/function/Predicate;Ljava/lang/Object;)Z> (0x00000000e481ff38) thrown at [D:\src\AOSP-openjdk-cygwin\jdk8u\hotspot\src\share\vm\interpreter\linkResolver.cpp, line 584]
Event: 37.399 Thread 0x0000000019a90800 Exception <a 'sun/nio/fs/WindowsException'> (0x00000000e51c9c98) thrown at [D:\src\AOSP-openjdk-cygwin\jdk8u\hotspot\src\share\vm\prims\jni.cpp, line 709]

Events (10 events):
Event: 41.341 Thread 0x0000000019a90800 DEOPT UNPACKING pc=0x0000000002f0557b sp=0x000000001abe6e00 mode 2
Event: 41.341 Thread 0x0000000019a90800 Uncommon trap: trap_request=0xffffff65 fr.pc=0x0000000004fb6c5c
Event: 41.341 Thread 0x0000000019a90800 DEOPT PACKING pc=0x0000000004fb6c5c sp=0x000000001abe6e40
Event: 41.341 Thread 0x0000000019a90800 DEOPT UNPACKING pc=0x0000000002f0557b sp=0x000000001abe6cf8 mode 2
Event: 41.341 Thread 0x0000000019a90800 Uncommon trap: trap_request=0xffffff65 fr.pc=0x0000000004f9ce38
Event: 41.341 Thread 0x0000000019a90800 DEOPT PACKING pc=0x0000000004f9ce38 sp=0x000000001abe6dd0
Event: 41.341 Thread 0x0000000019a90800 DEOPT UNPACKING pc=0x0000000002f0557b sp=0x000000001abe6cf0 mode 2
Event: 41.342 Thread 0x0000000019a90800 Uncommon trap: trap_request=0xffffff65 fr.pc=0x000000000515affc
Event: 41.342 Thread 0x0000000019a90800 DEOPT PACKING pc=0x000000000515affc sp=0x000000001abe6e80
Event: 41.342 Thread 0x0000000019a90800 DEOPT UNPACKING pc=0x0000000002f0557b sp=0x000000001abe6c38 mode 2


Dynamic libraries:
0x00007ff72a9f0000 - 0x00007ff72aa21000 	C:\Program Files\Android\Android Studio\jre\bin\java.exe
0x00007ffa176e0000 - 0x00007ffa178cd000 	C:\WINDOWS\SYSTEM32\ntdll.dll
0x00007ffa16ab0000 - 0x00007ffa16b63000 	C:\WINDOWS\System32\KERNEL32.DLL
0x00007ffa13f00000 - 0x00007ffa14193000 	C:\WINDOWS\System32\KERNELBASE.dll
0x00007ffa16a00000 - 0x00007ffa16aa3000 	C:\WINDOWS\System32\ADVAPI32.dll
0x00007ffa14910000 - 0x00007ffa149ae000 	C:\WINDOWS\System32\msvcrt.dll
0x00007ffa16f30000 - 0x00007ffa16fce000 	C:\WINDOWS\System32\sechost.dll
0x00007ffa14d90000 - 0x00007ffa14eb2000 	C:\WINDOWS\System32\RPCRT4.dll
0x00007ffa17440000 - 0x00007ffa175d7000 	C:\WINDOWS\System32\USER32.dll
0x00007ffa144a0000 - 0x00007ffa144c0000 	C:\WINDOWS\System32\win32u.dll
0x00007ffa14ec0000 - 0x00007ffa14ee9000 	C:\WINDOWS\System32\GDI32.dll
0x00007ffa141d0000 - 0x00007ffa1436a000 	C:\WINDOWS\System32\gdi32full.dll
0x00007ffa146a0000 - 0x00007ffa14740000 	C:\WINDOWS\System32\msvcp_win.dll
0x00007ffa14740000 - 0x00007ffa1483a000 	C:\WINDOWS\System32\ucrtbase.dll
0x00007ffa02ef0000 - 0x00007ffa03169000 	C:\WINDOWS\WinSxS\amd64_microsoft.windows.common-controls_6595b64144ccf1df_6.0.17763.503_none_05b23ef40721f4ae\COMCTL32.dll
0x00007ffa17110000 - 0x00007ffa1743c000 	C:\WINDOWS\System32\combase.dll
0x00007ffa14420000 - 0x00007ffa1449e000 	C:\WINDOWS\System32\bcryptPrimitives.dll
0x00007ffa16860000 - 0x00007ffa1688e000 	C:\WINDOWS\System32\IMM32.DLL
0x0000000050fe0000 - 0x00000000510b2000 	C:\Program Files\Android\Android Studio\jre\jre\bin\msvcr100.dll
0x00000000510c0000 - 0x0000000051901000 	C:\Program Files\Android\Android Studio\jre\jre\bin\server\jvm.dll
0x00007ffa17030000 - 0x00007ffa17038000 	C:\WINDOWS\System32\PSAPI.DLL
0x00007ffa04680000 - 0x00007ffa0468a000 	C:\WINDOWS\SYSTEM32\VERSION.dll
0x00007ffa117e0000 - 0x00007ffa117e9000 	C:\WINDOWS\SYSTEM32\WSOCK32.dll
0x00007ffa11760000 - 0x00007ffa11784000 	C:\WINDOWS\SYSTEM32\WINMM.dll
0x00007ffa17640000 - 0x00007ffa176ad000 	C:\WINDOWS\System32\WS2_32.dll
0x00007ffa11640000 - 0x00007ffa1166d000 	C:\WINDOWS\SYSTEM32\winmmbase.dll
0x00007ffa148c0000 - 0x00007ffa1490a000 	C:\WINDOWS\System32\cfgmgr32.dll
0x00007ffa111d0000 - 0x00007ffa111df000 	C:\Program Files\Android\Android Studio\jre\jre\bin\verify.dll
0x00007ff9fa2a0000 - 0x00007ff9fa2c9000 	C:\Program Files\Android\Android Studio\jre\jre\bin\java.dll
0x00007ff9fa300000 - 0x00007ff9fa316000 	C:\Program Files\Android\Android Studio\jre\jre\bin\zip.dll
0x00007ffa14ef0000 - 0x00007ffa163e0000 	C:\WINDOWS\System32\SHELL32.dll
0x00007ffa14bc0000 - 0x00007ffa14c68000 	C:\WINDOWS\System32\shcore.dll
0x00007ffa137b0000 - 0x00007ffa13efa000 	C:\WINDOWS\System32\windows.storage.dll
0x00007ffa13700000 - 0x00007ffa13724000 	C:\WINDOWS\System32\profapi.dll
0x00007ffa13730000 - 0x00007ffa1378d000 	C:\WINDOWS\System32\powrprof.dll
0x00007ffa14d30000 - 0x00007ffa14d82000 	C:\WINDOWS\System32\shlwapi.dll
0x00007ffa13790000 - 0x00007ffa137a1000 	C:\WINDOWS\System32\kernel.appcore.dll
0x00007ffa14840000 - 0x00007ffa14857000 	C:\WINDOWS\System32\cryptsp.dll
0x00007ff9f9d60000 - 0x00007ff9f9d7a000 	C:\Program Files\Android\Android Studio\jre\jre\bin\net.dll
0x00007ffa12f60000 - 0x00007ffa12fc7000 	C:\WINDOWS\system32\mswsock.dll
0x00007ff9f9d40000 - 0x00007ff9f9d51000 	C:\Program Files\Android\Android Studio\jre\jre\bin\nio.dll
0x00007ffa06e40000 - 0x00007ffa06e5e000 	C:\Users\Mayokun\.gradle\native\25\windows-amd64\native-platform.dll
0x00007ffa111b0000 - 0x00007ffa111bd000 	C:\Program Files\Android\Android Studio\jre\jre\bin\management.dll
0x00007ffa12b20000 - 0x00007ffa12b53000 	C:\WINDOWS\system32\rsaenh.dll
0x00007ffa141a0000 - 0x00007ffa141c6000 	C:\WINDOWS\System32\bcrypt.dll
0x00007ffa13610000 - 0x00007ffa13638000 	C:\WINDOWS\SYSTEM32\USERENV.dll
0x00007ffa13130000 - 0x00007ffa1313c000 	C:\WINDOWS\SYSTEM32\CRYPTBASE.dll
0x00007ffa12cc0000 - 0x00007ffa12cfd000 	C:\WINDOWS\SYSTEM32\IPHLPAPI.DLL
0x00007ffa16b70000 - 0x00007ffa16b78000 	C:\WINDOWS\System32\NSI.dll
0x00007ffa0b6a0000 - 0x00007ffa0b6b6000 	C:\WINDOWS\SYSTEM32\dhcpcsvc6.DLL
0x00007ffa0b770000 - 0x00007ffa0b78c000 	C:\WINDOWS\SYSTEM32\dhcpcsvc.DLL
0x00007ffa12d00000 - 0x00007ffa12dc6000 	C:\WINDOWS\SYSTEM32\DNSAPI.dll
0x00007ff9e9670000 - 0x00007ff9e9808000 	C:\Program Files\Android\Android Studio\jre\jre\bin\awt.dll
0x00007ffa17040000 - 0x00007ffa17104000 	C:\WINDOWS\System32\OLEAUT32.dll
0x00007ffa0f9b0000 - 0x00007ffa0ff6e000 	C:\WINDOWS\SYSTEM32\d2d1.dll
0x00007ffa11980000 - 0x00007ffa11a0c000 	C:\WINDOWS\SYSTEM32\apphelp.dll
0x00007ffa11db0000 - 0x00007ffa11dde000 	C:\WINDOWS\system32\DWMAPI.DLL
0x00007ffa144c0000 - 0x00007ffa1469b000 	C:\WINDOWS\System32\CRYPT32.dll
0x00007ffa136e0000 - 0x00007ffa136f2000 	C:\WINDOWS\System32\MSASN1.dll
0x00007ffa11c10000 - 0x00007ffa11cac000 	C:\WINDOWS\system32\uxtheme.dll

VM Arguments:
jvm_args: -Xmx1536m -Dfile.encoding=windows-1252 -Duser.country=US -Duser.language=en -Duser.variant 
java_command: org.gradle.launcher.daemon.bootstrap.GradleDaemon 5.1.1
java_class_path (initial): C:\Users\Mayokun\.gradle\wrapper\dists\gradle-5.1.1-all\97z1ksx6lirer3kbvdnh7jtjg\gradle-5.1.1\lib\gradle-launcher-5.1.1.jar
Launcher Type: SUN_STANDARD

Environment Variables:
PATH=C:\Program Files (x86)\Common Files\Oracle\Java\javapath;C:\WINDOWS\system32;C:\WINDOWS;C:\WINDOWS\System32\Wbem;C:\WINDOWS\System32\WindowsPowerShell\v1.0\;C:\WINDOWS\System32\OpenSSH\;C:\Program Files\Git\cmd;c:\Program Files\PuTTY\;C:\Program Files\SourceGear\Common\DiffMerge\;C:\Ruby25-x64\bin;C:\Users\Mayokun\AppData\Local\Microsoft\WindowsApps;C:\Users\Mayokun\AppData\Local\Programs\Microsoft VS Code\bin;C:\Program Files\JetBrains\IntelliJ IDEA Community Edition 2018.3.1\bin;;C:\src\flutter\bin;C:\Program Files\Java\jdk-11.0.1\bin
USERNAME=Mayokun
OS=Windows_NT
PROCESSOR_IDENTIFIER=Intel64 Family 6 Model 37 Stepping 5, GenuineIntel



---------------  S Y S T E M  ---------------

OS: Windows 10.0 , 64 bit Build 17763 (10.0.17763.475)

CPU:total 4 (initial active 4) (2 cores per cpu, 2 threads per core) family 6 model 37 stepping 5, cmov, cx8, fxsr, mmx, sse, sse2, sse3, ssse3, sse4.1, sse4.2, popcnt, aes, clmul, ht, tsc, tscinvbit

Memory: 4k page, physical 6077824k(899988k free), swap 7754112k(5732k free)

vm_info: OpenJDK 64-Bit Server VM (25.152-b01) for windows-amd64 JRE (1.8.0_152-release-1343-b01), built by "builder" with MS VC++ 10.0 (VS2010)

time: Wed Jun 12 21:41:01 2019
elapsed time: 41 seconds (0d 0h 0m 41s)

