#
# There is insufficient memory for the Java Runtime Environment to continue.
# Native memory allocation (malloc) failed to allocate 131088 bytes for Chunk::new
# Possible reasons:
#   The system is out of physical RAM or swap space
#   In 32 bit mode, the process size limit was hit
# Possible solutions:
#   Reduce memory load on the system
#   Increase physical memory or swap space
#   Check if swap backing store is full
#   Use 64 bit Java on a 64 bit OS
#   Decrease Java heap size (-Xmx/-Xms)
#   Decrease number of Java threads
#   Decrease Java thread stack sizes (-Xss)
#   Set larger code cache with -XX:ReservedCodeCacheSize=
# This output file may be truncated or incomplete.
#
#  Out of Memory Error (allocation.cpp:390), pid=12824, tid=0x00000000000010dc
#
# JRE version: OpenJDK Runtime Environment (8.0_152-b01) (build 1.8.0_152-release-1343-b01)
# Java VM: OpenJDK 64-Bit Server VM (25.152-b01 mixed mode windows-amd64 compressed oops)
# Failed to write core dump. Minidumps are not enabled by default on client versions of Windows
#

---------------  T H R E A D  ---------------

Current thread (0x00000000165c8000):  JavaThread "C2 CompilerThread0" daemon [_thread_in_native, id=4316, stack(0x0000000017c20000,0x0000000017d20000)]

Stack: [0x0000000017c20000,0x0000000017d20000]
[error occurred during error reporting (printing stack bounds), id 0xc0000005]

Native frames: (J=compiled Java code, j=interpreted, Vv=VM code, C=native code)


Current CompileTask:
C2:  60827 10473       4       org.objectweb.asm.ClassReader::readMethod (1047 bytes)


---------------  P R O C E S S  ---------------

Java Threads: ( => current thread )
  0x000000001b3cf800 JavaThread "stdout" [_thread_in_native, id=12732, stack(0x00000000269e0000,0x0000000026ae0000)]
  0x000000001b3c8000 JavaThread "stderr" [_thread_in_native, id=3340, stack(0x00000000268e0000,0x00000000269e0000)]
  0x000000001b3ce800 JavaThread "pool-5-thread-1" [_thread_blocked, id=12836, stack(0x00000000267e0000,0x00000000268e0000)]
  0x000000001b3cd000 JavaThread "Cache worker for execution history cache (C:\Users\Mayokun\Desktop\QuickNotes\.gradle\5.1.1\executionHistory)" [_thread_blocked, id=12320, stack(0x00000000266e0000,0x00000000267e0000)]
  0x000000001b3c7000 JavaThread "Execution worker for ':' Thread 3" [_thread_blocked, id=6548, stack(0x00000000265e0000,0x00000000266e0000)]
  0x000000001b3ca000 JavaThread "Execution worker for ':' Thread 2" [_thread_blocked, id=6560, stack(0x00000000264e0000,0x00000000265e0000)]
  0x000000001cdfa800 JavaThread "Execution worker for ':'" [_thread_in_Java, id=3224, stack(0x00000000263e0000,0x00000000264e0000)]
  0x000000001cdfa000 JavaThread "Cache worker for file content cache (C:\Users\Mayokun\Desktop\QuickNotes\.gradle\5.1.1\fileContent)" [_thread_blocked, id=10080, stack(0x00000000262e0000,0x00000000263e0000)]
  0x000000001cdf9000 JavaThread "Cache worker for file content cache (C:\Users\Mayokun\.gradle\caches\5.1.1\fileContent)" [_thread_blocked, id=6424, stack(0x00000000261e0000,0x00000000262e0000)]
  0x000000001cdfb800 JavaThread "Cache worker for Build Output Cleanup Cache (C:\Users\Mayokun\Desktop\QuickNotes\.gradle\buildOutputCleanup)" [_thread_blocked, id=12292, stack(0x00000000260e0000,0x00000000261e0000)]
  0x000000001cdf8800 JavaThread "Build operations Thread 4" [_thread_blocked, id=8560, stack(0x0000000025fe0000,0x00000000260e0000)]
  0x000000001cdfd000 JavaThread "Build operations Thread 3" [_thread_blocked, id=12792, stack(0x0000000025ee0000,0x0000000025fe0000)]
  0x000000001cdfc000 JavaThread "Build operations Thread 2" [_thread_blocked, id=8444, stack(0x0000000025de0000,0x0000000025ee0000)]
  0x000000001cdef800 JavaThread "Build operations" [_thread_blocked, id=11496, stack(0x0000000025ce0000,0x0000000025de0000)]
  0x000000001cdf3000 JavaThread "Cache worker for cache directory md-rule (C:\Users\Mayokun\.gradle\caches\5.1.1\md-rule)" [_thread_blocked, id=9932, stack(0x0000000025be0000,0x0000000025ce0000)]
  0x000000001cdf2800 JavaThread "Cache worker for cache directory md-supplier (C:\Users\Mayokun\.gradle\caches\5.1.1\md-supplier)" [_thread_blocked, id=2020, stack(0x0000000025ae0000,0x0000000025be0000)]
  0x000000001cded800 JavaThread "Cache worker for file hash cache (C:\Users\Mayokun\Desktop\QuickNotes\.gradle\5.1.1\fileHashes)" [_thread_blocked, id=10756, stack(0x00000000259e0000,0x0000000025ae0000)]
  0x000000001cdf4000 JavaThread "Thread-41" [_thread_blocked, id=9480, stack(0x00000000258e0000,0x00000000259e0000)]
  0x000000001cdf1800 JavaThread "Stdin handler" [_thread_blocked, id=2880, stack(0x00000000257e0000,0x00000000258e0000)]
  0x00000000195f3000 JavaThread "Asynchronous log dispatcher for DefaultDaemonConnection: socket connection from /127.0.0.1:14469 to /127.0.0.1:14484" [_thread_blocked, id=1044, stack(0x00000000256e0000,0x00000000257e0000)]
  0x00000000195f7800 JavaThread "Cancel handler" [_thread_blocked, id=5632, stack(0x00000000255e0000,0x00000000256e0000)]
  0x00000000195f6000 JavaThread "Handler for socket connection from /127.0.0.1:14469 to /127.0.0.1:14484" [_thread_in_native, id=1592, stack(0x00000000254e0000,0x00000000255e0000)]
  0x000000001cdee800 JavaThread "Memory manager" [_thread_blocked, id=5692, stack(0x00000000238b0000,0x00000000239b0000)]
  0x00000000195f4800 JavaThread "Cache worker for execution history cache (C:\Users\Mayokun\.gradle\caches\5.1.1\executionHistory)" [_thread_blocked, id=11460, stack(0x0000000020cc0000,0x0000000020dc0000)]
  0x00000000195f4000 JavaThread "Cache worker for journal cache (C:\Users\Mayokun\.gradle\caches\journal-1)" [_thread_blocked, id=12548, stack(0x000000001b070000,0x000000001b170000)]
  0x0000000019621800 JavaThread "File lock request listener" [_thread_in_native, id=6000, stack(0x000000001af70000,0x000000001b070000)]
  0x00000000195df000 JavaThread "Cache worker for file hash cache (C:\Users\Mayokun\.gradle\caches\5.1.1\fileHashes)" [_thread_blocked, id=2576, stack(0x000000001ae70000,0x000000001af70000)]
  0x00000000196e8800 JavaThread "Daemon worker" [_thread_blocked, id=9976, stack(0x000000001aa70000,0x000000001ab70000)]
  0x00000000194b9800 JavaThread "Daemon" [_thread_blocked, id=12428, stack(0x000000001a570000,0x000000001a670000)]
  0x00000000194b5000 JavaThread "Daemon periodic checks" [_thread_blocked, id=8340, stack(0x000000001a470000,0x000000001a570000)]
  0x000000001949a000 JavaThread "Incoming local TCP Connector on port 14469" [_thread_in_native, id=5716, stack(0x000000001a230000,0x000000001a330000)]
  0x0000000017f40800 JavaThread "Service Thread" daemon [_thread_blocked, id=13268, stack(0x0000000018320000,0x0000000018420000)]
  0x00000000165d9800 JavaThread "C1 CompilerThread2" daemon [_thread_blocked, id=11684, stack(0x0000000017e20000,0x0000000017f20000)]
  0x00000000165cb000 JavaThread "C2 CompilerThread1" daemon [_thread_in_native, id=1824, stack(0x0000000017d20000,0x0000000017e20000)]
=>0x00000000165c8000 JavaThread "C2 CompilerThread0" daemon [_thread_in_native, id=4316, stack(0x0000000017c20000,0x0000000017d20000)]
  0x00000000165d6000 JavaThread "Attach Listener" daemon [_thread_blocked, id=12152, stack(0x0000000017b20000,0x0000000017c20000)]
  0x00000000165d4800 JavaThread "Signal Dispatcher" daemon [_thread_blocked, id=4100, stack(0x0000000017a20000,0x0000000017b20000)]
  0x0000000002b9b800 JavaThread "Finalizer" daemon [_thread_blocked, id=11760, stack(0x0000000017820000,0x0000000017920000)]
  0x0000000002b90800 JavaThread "Reference Handler" daemon [_thread_blocked, id=11016, stack(0x0000000017720000,0x0000000017820000)]
  0x0000000002c5e000 JavaThread "main" [_thread_blocked, id=11916, stack(0x00000000028e0000,0x00000000029e0000)]

Other Threads:
  0x0000000016595800 VMThread [stack: 0x0000000017620000,0x0000000017720000] [id=10488]
  0x000000001662e000 WatcherThread [stack: 0x0000000018420000,0x0000000018520000] [id=7520]

VM state:not at safepoint (normal execution)

VM Mutex/Monitor currently owned by a thread: None

Heap:
 PSYoungGen      total 241152K, used 40351K [0x00000000e0000000, 0x00000000f0800000, 0x0000000100000000)
  eden space 212992K, 14% used [0x00000000e0000000,0x00000000e1d6f2d8,0x00000000ed000000)
  from space 28160K, 36% used [0x00000000ed000000,0x00000000ed9f8b90,0x00000000eeb80000)
  to   space 23040K, 0% used [0x00000000eeb80000,0x00000000eeb80000,0x00000000f0200000)
 ParOldGen       total 119296K, used 61279K [0x00000000a0000000, 0x00000000a7480000, 0x00000000e0000000)
  object space 119296K, 51% used [0x00000000a0000000,0x00000000a3bd7e60,0x00000000a7480000)
 Metaspace       used 72421K, capacity 75262K, committed 75520K, reserved 1114112K
  class space    used 9545K, capacity 10168K, committed 10240K, reserved 1048576K

Card table byte_map: [0x0000000012020000,0x0000000012330000] byte_map_base: 0x0000000011b20000

Marking Bits: (ParMarkBitMap*) 0x0000000051885aa0
 Begin Bits: [0x0000000012930000, 0x0000000014130000)
 End Bits:   [0x0000000014130000, 0x0000000015930000)

Polling page: 0x0000000000bf0000

CodeCache: size=245760Kb used=29258Kb max_used=29258Kb free=216501Kb
 bounds [0x0000000002c60000, 0x0000000004920000, 0x0000000011c60000]
 total_blobs=9908 nmethods=9085 adapters=736
 compilation: enabled

Compilation events (10 events):
Event: 60.814 Thread 0x00000000165d9800 10486       3       org.objectweb.asm.ClassReader::readUtf (161 bytes)
Event: 60.815 Thread 0x00000000165d9800 nmethod 10486 0x0000000004904a90 code [0x0000000004904c20, 0x00000000049050a8]
Event: 60.815 Thread 0x00000000165d9800 10487       3       org.objectweb.asm.ClassReader::readUtf (44 bytes)
Event: 60.816 Thread 0x00000000165d9800 nmethod 10487 0x0000000004904150 code [0x00000000049042e0, 0x0000000004904728]
Event: 60.816 Thread 0x00000000165d9800 10488       3       org.objectweb.asm.SymbolTable::addConstantUtf8 (98 bytes)
Event: 60.817 Thread 0x00000000165d9800 nmethod 10488 0x0000000004914250 code [0x0000000004914440, 0x0000000004914bf8]
Event: 60.818 Thread 0x00000000165d9800 10489       3       org.objectweb.asm.ClassReader::readUTF8 (23 bytes)
Event: 60.819 Thread 0x00000000165d9800 nmethod 10489 0x0000000004903ad0 code [0x0000000004903c40, 0x0000000004903f88]
Event: 60.820 Thread 0x00000000165d9800 10490       3       org.objectweb.asm.SymbolTable::addConstantUtf8Reference (101 bytes)
Event: 60.821 Thread 0x00000000165d9800 nmethod 10490 0x0000000004915010 code [0x0000000004915200, 0x0000000004915ab8]

GC Heap History (10 events):
Event: 14.368 GC heap before
{Heap before GC invocations=12 (full 2):
 PSYoungGen      total 161280K, used 115226K [0x00000000e0000000, 0x00000000ed700000, 0x0000000100000000)
  eden space 147456K, 68% used [0x00000000e0000000,0x00000000e630a718,0x00000000e9000000)
  from space 13824K, 99% used [0x00000000e9000000,0x00000000e9d7c280,0x00000000e9d80000)
  to   space 17920K, 0% used [0x00000000ec580000,0x00000000ec580000,0x00000000ed700000)
 ParOldGen       total 81408K, used 24517K [0x00000000a0000000, 0x00000000a4f80000, 0x00000000e0000000)
  object space 81408K, 30% used [0x00000000a0000000,0x00000000a17f1460,0x00000000a4f80000)
 Metaspace       used 57458K, capacity 59060K, committed 59136K, reserved 1099776K
  class space    used 7753K, capacity 8179K, committed 8192K, reserved 1048576K
Event: 14.404 GC heap after
Heap after GC invocations=12 (full 2):
 PSYoungGen      total 199168K, used 17913K [0x00000000e0000000, 0x00000000ee080000, 0x0000000100000000)
  eden space 181248K, 0% used [0x00000000e0000000,0x00000000e0000000,0x00000000eb100000)
  from space 17920K, 99% used [0x00000000ec580000,0x00000000ed6fe788,0x00000000ed700000)
  to   space 20992K, 0% used [0x00000000eb100000,0x00000000eb100000,0x00000000ec580000)
 ParOldGen       total 81408K, used 25520K [0x00000000a0000000, 0x00000000a4f80000, 0x00000000e0000000)
  object space 81408K, 31% used [0x00000000a0000000,0x00000000a18ec308,0x00000000a4f80000)
 Metaspace       used 57458K, capacity 59060K, committed 59136K, reserved 1099776K
  class space    used 7753K, capacity 8179K, committed 8192K, reserved 1048576K
}
Event: 14.404 GC heap before
{Heap before GC invocations=13 (full 3):
 PSYoungGen      total 199168K, used 17913K [0x00000000e0000000, 0x00000000ee080000, 0x0000000100000000)
  eden space 181248K, 0% used [0x00000000e0000000,0x00000000e0000000,0x00000000eb100000)
  from space 17920K, 99% used [0x00000000ec580000,0x00000000ed6fe788,0x00000000ed700000)
  to   space 20992K, 0% used [0x00000000eb100000,0x00000000eb100000,0x00000000ec580000)
 ParOldGen       total 81408K, used 25520K [0x00000000a0000000, 0x00000000a4f80000, 0x00000000e0000000)
  object space 81408K, 31% used [0x00000000a0000000,0x00000000a18ec308,0x00000000a4f80000)
 Metaspace       used 57458K, capacity 59060K, committed 59136K, reserved 1099776K
  class space    used 7753K, capacity 8179K, committed 8192K, reserved 1048576K
Event: 14.682 GC heap after
Heap after GC invocations=13 (full 3):
 PSYoungGen      total 199168K, used 0K [0x00000000e0000000, 0x00000000ee080000, 0x0000000100000000)
  eden space 181248K, 0% used [0x00000000e0000000,0x00000000e0000000,0x00000000eb100000)
  from space 17920K, 0% used [0x00000000ec580000,0x00000000ec580000,0x00000000ed700000)
  to   space 20992K, 0% used [0x00000000eb100000,0x00000000eb100000,0x00000000ec580000)
 ParOldGen       total 119296K, used 34122K [0x00000000a0000000, 0x00000000a7480000, 0x00000000e0000000)
  object space 119296K, 28% used [0x00000000a0000000,0x00000000a2152990,0x00000000a7480000)
 Metaspace       used 57458K, capacity 59060K, committed 59136K, reserved 1099776K
  class space    used 7753K, capacity 8179K, committed 8192K, reserved 1048576K
}
Event: 18.127 GC heap before
{Heap before GC invocations=14 (full 3):
 PSYoungGen      total 199168K, used 181248K [0x00000000e0000000, 0x00000000ee080000, 0x0000000100000000)
  eden space 181248K, 100% used [0x00000000e0000000,0x00000000eb100000,0x00000000eb100000)
  from space 17920K, 0% used [0x00000000ec580000,0x00000000ec580000,0x00000000ed700000)
  to   space 20992K, 0% used [0x00000000eb100000,0x00000000eb100000,0x00000000ec580000)
 ParOldGen       total 119296K, used 34122K [0x00000000a0000000, 0x00000000a7480000, 0x00000000e0000000)
  object space 119296K, 28% used [0x00000000a0000000,0x00000000a2152990,0x00000000a7480000)
 Metaspace       used 61949K, capacity 63898K, committed 64000K, reserved 1103872K
  class space    used 8442K, capacity 8925K, committed 8960K, reserved 1048576K
Event: 18.187 GC heap after
Heap after GC invocations=14 (full 3):
 PSYoungGen      total 202240K, used 17779K [0x00000000e0000000, 0x00000000f0200000, 0x0000000100000000)
  eden space 181248K, 0% used [0x00000000e0000000,0x00000000e0000000,0x00000000eb100000)
  from space 20992K, 84% used [0x00000000eb100000,0x00000000ec25ccf8,0x00000000ec580000)
  to   space 23040K, 0% used [0x00000000eeb80000,0x00000000eeb80000,0x00000000f0200000)
 ParOldGen       total 119296K, used 34130K [0x00000000a0000000, 0x00000000a7480000, 0x00000000e0000000)
  object space 119296K, 28% used [0x00000000a0000000,0x00000000a2154990,0x00000000a7480000)
 Metaspace       used 61949K, capacity 63898K, committed 64000K, reserved 1103872K
  class space    used 8442K, capacity 8925K, committed 8960K, reserved 1048576K
}
Event: 26.021 GC heap before
{Heap before GC invocations=15 (full 3):
 PSYoungGen      total 202240K, used 199027K [0x00000000e0000000, 0x00000000f0200000, 0x0000000100000000)
  eden space 181248K, 100% used [0x00000000e0000000,0x00000000eb100000,0x00000000eb100000)
  from space 20992K, 84% used [0x00000000eb100000,0x00000000ec25ccf8,0x00000000ec580000)
  to   space 23040K, 0% used [0x00000000eeb80000,0x00000000eeb80000,0x00000000f0200000)
 ParOldGen       total 119296K, used 34130K [0x00000000a0000000, 0x00000000a7480000, 0x00000000e0000000)
  object space 119296K, 28% used [0x00000000a0000000,0x00000000a2154990,0x00000000a7480000)
 Metaspace       used 68469K, capacity 71008K, committed 71168K, reserved 1110016K
  class space    used 9077K, capacity 9665K, committed 9728K, reserved 1048576K
Event: 26.068 GC heap after
Heap after GC invocations=15 (full 3):
 PSYoungGen      total 236032K, used 23038K [0x00000000e0000000, 0x00000000f0800000, 0x0000000100000000)
  eden space 212992K, 0% used [0x00000000e0000000,0x00000000e0000000,0x00000000ed000000)
  from space 23040K, 99% used [0x00000000eeb80000,0x00000000f01ffb50,0x00000000f0200000)
  to   space 28160K, 0% used [0x00000000ed000000,0x00000000ed000000,0x00000000eeb80000)
 ParOldGen       total 119296K, used 39564K [0x00000000a0000000, 0x00000000a7480000, 0x00000000e0000000)
  object space 119296K, 33% used [0x00000000a0000000,0x00000000a26a3228,0x00000000a7480000)
 Metaspace       used 68469K, capacity 71008K, committed 71168K, reserved 1110016K
  class space    used 9077K, capacity 9665K, committed 9728K, reserved 1048576K
}
Event: 60.503 GC heap before
{Heap before GC invocations=16 (full 3):
 PSYoungGen      total 236032K, used 236030K [0x00000000e0000000, 0x00000000f0800000, 0x0000000100000000)
  eden space 212992K, 100% used [0x00000000e0000000,0x00000000ed000000,0x00000000ed000000)
  from space 23040K, 99% used [0x00000000eeb80000,0x00000000f01ffb50,0x00000000f0200000)
  to   space 28160K, 0% used [0x00000000ed000000,0x00000000ed000000,0x00000000eeb80000)
 ParOldGen       total 119296K, used 39564K [0x00000000a0000000, 0x00000000a7480000, 0x00000000e0000000)
  object space 119296K, 33% used [0x00000000a0000000,0x00000000a26a3228,0x00000000a7480000)
 Metaspace       used 72418K, capacity 75262K, committed 75520K, reserved 1114112K
  class space    used 9544K, capacity 10168K, committed 10240K, reserved 1048576K
Event: 60.601 GC heap after
Heap after GC invocations=16 (full 3):
 PSYoungGen      total 241152K, used 10210K [0x00000000e0000000, 0x00000000f0800000, 0x0000000100000000)
  eden space 212992K, 0% used [0x00000000e0000000,0x00000000e0000000,0x00000000ed000000)
  from space 28160K, 36% used [0x00000000ed000000,0x00000000ed9f8b90,0x00000000eeb80000)
  to   space 23040K, 0% used [0x00000000eeb80000,0x00000000eeb80000,0x00000000f0200000)
 ParOldGen       total 119296K, used 61279K [0x00000000a0000000, 0x00000000a7480000, 0x00000000e0000000)
  object space 119296K, 51% used [0x00000000a0000000,0x00000000a3bd7e60,0x00000000a7480000)
 Metaspace       used 72418K, capacity 75262K, committed 75520K, reserved 1114112K
  class space    used 9544K, capacity 10168K, committed 10240K, reserved 1048576K
}

Deoptimization events (10 events):
Event: 59.723 Thread 0x000000001cdfa800 Uncommon trap: reason=unstable_if action=reinterpret pc=0x0000000003e09b9c method=org.objectweb.asm.Type.getArgumentsAndReturnSizes(Ljava/lang/String;)I @ 115
Event: 59.737 Thread 0x000000001cdfa800 Uncommon trap: reason=unstable_if action=reinterpret pc=0x0000000004883378 method=org.objectweb.asm.MethodWriter.computeMethodInfoSize()I @ 544
Event: 59.766 Thread 0x000000001cdfa800 Uncommon trap: reason=unstable_if action=reinterpret pc=0x0000000003c0b02c method=org.objectweb.asm.ByteVector.putInt(I)Lorg/objectweb/asm/ByteVector; @ 13
Event: 60.406 Thread 0x000000001cdfa800 Uncommon trap: reason=unstable_if action=reinterpret pc=0x00000000048f4a68 method=java.util.TreeSet.add(Ljava/lang/Object;)Z @ 13
Event: 60.601 Thread 0x0000000002b90800 Uncommon trap: reason=unstable_if action=reinterpret pc=0x00000000039dd334 method=java.lang.ref.Reference.tryHandlePending(Z)Z @ 20
Event: 60.813 Thread 0x000000001cdfa800 Uncommon trap: reason=unstable_if action=reinterpret pc=0x0000000003ccea88 method=org.objectweb.asm.ClassReader.readUtf(II[C)Ljava/lang/String; @ 41
Event: 60.813 Thread 0x000000001cdfa800 Uncommon trap: reason=unstable_if action=reinterpret pc=0x0000000003c93e60 method=org.objectweb.asm.ClassReader.readUtf(II[C)Ljava/lang/String; @ 41
Event: 60.814 Thread 0x000000001cdfa800 Uncommon trap: reason=unstable_if action=reinterpret pc=0x0000000003c8dc00 method=org.objectweb.asm.ClassReader.readUtf(II[C)Ljava/lang/String; @ 41
Event: 60.814 Thread 0x000000001cdfa800 Uncommon trap: reason=unstable_if action=reinterpret pc=0x0000000003835338 method=org.objectweb.asm.ByteVector.putUTF8(Ljava/lang/String;)Lorg/objectweb/asm/ByteVector; @ 100
Event: 60.814 Thread 0x000000001cdfa800 Uncommon trap: reason=unstable_if action=reinterpret pc=0x00000000038d5944 method=org.objectweb.asm.ByteVector.putUTF8(Ljava/lang/String;)Lorg/objectweb/asm/ByteVector; @ 100

Classes redefined (0 events):
No events

Internal exceptions (10 events):
Event: 37.475 Thread 0x00000000196e8800 Exception <a 'java/lang/NoSuchMethodError': <clinit>> (0x00000000e1c26b70) thrown at [D:\src\AOSP-openjdk-cygwin\jdk8u\hotspot\src\share\vm\prims\jni.cpp, line 1613]
Event: 37.602 Thread 0x00000000196e8800 Exception <a 'java/lang/NoSuchMethodError': <clinit>> (0x00000000e1c759b0) thrown at [D:\src\AOSP-openjdk-cygwin\jdk8u\hotspot\src\share\vm\prims\jni.cpp, line 1613]
Event: 37.604 Thread 0x00000000196e8800 Exception <a 'java/lang/NoSuchMethodError': <clinit>> (0x00000000e1c82a88) thrown at [D:\src\AOSP-openjdk-cygwin\jdk8u\hotspot\src\share\vm\prims\jni.cpp, line 1613]
Event: 37.628 Thread 0x00000000196e8800 Exception <a 'java/lang/NoSuchMethodError': <clinit>> (0x00000000e1d8e708) thrown at [D:\src\AOSP-openjdk-cygwin\jdk8u\hotspot\src\share\vm\prims\jni.cpp, line 1613]
Event: 37.628 Thread 0x00000000196e8800 Exception <a 'java/lang/NoSuchMethodError': <clinit>> (0x00000000e1d925e8) thrown at [D:\src\AOSP-openjdk-cygwin\jdk8u\hotspot\src\share\vm\prims\jni.cpp, line 1613]
Event: 37.628 Thread 0x00000000196e8800 Exception <a 'java/lang/NoSuchMethodError': <clinit>> (0x00000000e1d940f0) thrown at [D:\src\AOSP-openjdk-cygwin\jdk8u\hotspot\src\share\vm\prims\jni.cpp, line 1613]
Event: 37.628 Thread 0x00000000196e8800 Exception <a 'java/lang/NoSuchMethodError': <clinit>> (0x00000000e1d958c0) thrown at [D:\src\AOSP-openjdk-cygwin\jdk8u\hotspot\src\share\vm\prims\jni.cpp, line 1613]
Event: 37.628 Thread 0x00000000196e8800 Exception <a 'java/lang/NoSuchMethodError': <clinit>> (0x00000000e1d96f40) thrown at [D:\src\AOSP-openjdk-cygwin\jdk8u\hotspot\src\share\vm\prims\jni.cpp, line 1613]
Event: 37.835 Thread 0x00000000196e8800 Exception <a 'sun/nio/fs/WindowsException'> (0x00000000e475de50) thrown at [D:\src\AOSP-openjdk-cygwin\jdk8u\hotspot\src\share\vm\prims\jni.cpp, line 709]
Event: 39.647 Thread 0x000000001cdfa800 Exception <a 'java/lang/NoSuchMethodError': <clinit>> (0x00000000e8a361c0) thrown at [D:\src\AOSP-openjdk-cygwin\jdk8u\hotspot\src\share\vm\prims\jni.cpp, line 1613]

Events (10 events):
Event: 60.813 Thread 0x000000001cdfa800 DEOPT UNPACKING pc=0x0000000002ca557b sp=0x00000000264dccc0 mode 2
Event: 60.814 Thread 0x000000001cdfa800 Uncommon trap: trap_request=0xffffff65 fr.pc=0x0000000003c8dc00
Event: 60.814 Thread 0x000000001cdfa800 DEOPT PACKING pc=0x0000000003c8dc00 sp=0x00000000264dcd00
Event: 60.814 Thread 0x000000001cdfa800 DEOPT UNPACKING pc=0x0000000002ca557b sp=0x00000000264dccc0 mode 2
Event: 60.814 Thread 0x000000001cdfa800 Uncommon trap: trap_request=0xffffff65 fr.pc=0x0000000003835338
Event: 60.814 Thread 0x000000001cdfa800 DEOPT PACKING pc=0x0000000003835338 sp=0x00000000264dcc10
Event: 60.814 Thread 0x000000001cdfa800 DEOPT UNPACKING pc=0x0000000002ca557b sp=0x00000000264dcb10 mode 2
Event: 60.814 Thread 0x000000001cdfa800 Uncommon trap: trap_request=0xffffff65 fr.pc=0x00000000038d5944
Event: 60.814 Thread 0x000000001cdfa800 DEOPT PACKING pc=0x00000000038d5944 sp=0x00000000264dcba0
Event: 60.814 Thread 0x000000001cdfa800 DEOPT UNPACKING pc=0x0000000002ca557b sp=0x00000000264dcb08 mode 2


Dynamic libraries:
0x00007ff72a9f0000 - 0x00007ff72aa21000 	C:\Program Files\Android\Android Studio\jre\bin\java.exe
0x00007ffa176e0000 - 0x00007ffa178cd000 	C:\WINDOWS\SYSTEM32\ntdll.dll
0x00007ffa16ab0000 - 0x00007ffa16b63000 	C:\WINDOWS\System32\KERNEL32.DLL
0x00007ffa13f00000 - 0x00007ffa14193000 	C:\WINDOWS\System32\KERNELBASE.dll
0x00007ffa16a00000 - 0x00007ffa16aa3000 	C:\WINDOWS\System32\ADVAPI32.dll
0x00007ffa14910000 - 0x00007ffa149ae000 	C:\WINDOWS\System32\msvcrt.dll
0x00007ffa16f30000 - 0x00007ffa16fce000 	C:\WINDOWS\System32\sechost.dll
0x00007ffa14d90000 - 0x00007ffa14eb2000 	C:\WINDOWS\System32\RPCRT4.dll
0x00007ffa17440000 - 0x00007ffa175d7000 	C:\WINDOWS\System32\USER32.dll
0x00007ffa144a0000 - 0x00007ffa144c0000 	C:\WINDOWS\System32\win32u.dll
0x00007ffa14ec0000 - 0x00007ffa14ee9000 	C:\WINDOWS\System32\GDI32.dll
0x00007ffa141d0000 - 0x00007ffa1436a000 	C:\WINDOWS\System32\gdi32full.dll
0x00007ffa146a0000 - 0x00007ffa14740000 	C:\WINDOWS\System32\msvcp_win.dll
0x00007ffa14740000 - 0x00007ffa1483a000 	C:\WINDOWS\System32\ucrtbase.dll
0x00007ffa02ef0000 - 0x00007ffa03169000 	C:\WINDOWS\WinSxS\amd64_microsoft.windows.common-controls_6595b64144ccf1df_6.0.17763.503_none_05b23ef40721f4ae\COMCTL32.dll
0x00007ffa17110000 - 0x00007ffa1743c000 	C:\WINDOWS\System32\combase.dll
0x00007ffa14420000 - 0x00007ffa1449e000 	C:\WINDOWS\System32\bcryptPrimitives.dll
0x00007ffa16860000 - 0x00007ffa1688e000 	C:\WINDOWS\System32\IMM32.DLL
0x0000000050fe0000 - 0x00000000510b2000 	C:\Program Files\Android\Android Studio\jre\jre\bin\msvcr100.dll
0x00000000510c0000 - 0x0000000051901000 	C:\Program Files\Android\Android Studio\jre\jre\bin\server\jvm.dll
0x00007ffa17030000 - 0x00007ffa17038000 	C:\WINDOWS\System32\PSAPI.DLL
0x00007ffa117e0000 - 0x00007ffa117e9000 	C:\WINDOWS\SYSTEM32\WSOCK32.dll
0x00007ffa11760000 - 0x00007ffa11784000 	C:\WINDOWS\SYSTEM32\WINMM.dll
0x00007ffa17640000 - 0x00007ffa176ad000 	C:\WINDOWS\System32\WS2_32.dll
0x00007ffa04680000 - 0x00007ffa0468a000 	C:\WINDOWS\SYSTEM32\VERSION.dll
0x00007ffa11640000 - 0x00007ffa1166d000 	C:\WINDOWS\SYSTEM32\winmmbase.dll
0x00007ffa148c0000 - 0x00007ffa1490a000 	C:\WINDOWS\System32\cfgmgr32.dll
0x00007ffa111d0000 - 0x00007ffa111df000 	C:\Program Files\Android\Android Studio\jre\jre\bin\verify.dll
0x00007ff9fa2a0000 - 0x00007ff9fa2c9000 	C:\Program Files\Android\Android Studio\jre\jre\bin\java.dll
0x00007ff9fa300000 - 0x00007ff9fa316000 	C:\Program Files\Android\Android Studio\jre\jre\bin\zip.dll
0x00007ffa14ef0000 - 0x00007ffa163e0000 	C:\WINDOWS\System32\SHELL32.dll
0x00007ffa14bc0000 - 0x00007ffa14c68000 	C:\WINDOWS\System32\shcore.dll
0x00007ffa137b0000 - 0x00007ffa13efa000 	C:\WINDOWS\System32\windows.storage.dll
0x00007ffa13700000 - 0x00007ffa13724000 	C:\WINDOWS\System32\profapi.dll
0x00007ffa13730000 - 0x00007ffa1378d000 	C:\WINDOWS\System32\powrprof.dll
0x00007ffa14d30000 - 0x00007ffa14d82000 	C:\WINDOWS\System32\shlwapi.dll
0x00007ffa13790000 - 0x00007ffa137a1000 	C:\WINDOWS\System32\kernel.appcore.dll
0x00007ffa14840000 - 0x00007ffa14857000 	C:\WINDOWS\System32\cryptsp.dll
0x00007ff9f9d60000 - 0x00007ff9f9d7a000 	C:\Program Files\Android\Android Studio\jre\jre\bin\net.dll
0x00007ffa12f60000 - 0x00007ffa12fc7000 	C:\WINDOWS\system32\mswsock.dll
0x00007ff9f9d40000 - 0x00007ff9f9d51000 	C:\Program Files\Android\Android Studio\jre\jre\bin\nio.dll
0x00007ffa06e40000 - 0x00007ffa06e5e000 	C:\Users\Mayokun\.gradle\native\25\windows-amd64\native-platform.dll
0x00007ffa111b0000 - 0x00007ffa111bd000 	C:\Program Files\Android\Android Studio\jre\jre\bin\management.dll
0x00007ffa12b20000 - 0x00007ffa12b53000 	C:\WINDOWS\system32\rsaenh.dll
0x00007ffa141a0000 - 0x00007ffa141c6000 	C:\WINDOWS\System32\bcrypt.dll
0x00007ffa13610000 - 0x00007ffa13638000 	C:\WINDOWS\SYSTEM32\USERENV.dll
0x00007ffa13130000 - 0x00007ffa1313c000 	C:\WINDOWS\SYSTEM32\CRYPTBASE.dll
0x00007ffa12cc0000 - 0x00007ffa12cfd000 	C:\WINDOWS\SYSTEM32\IPHLPAPI.DLL
0x00007ffa16b70000 - 0x00007ffa16b78000 	C:\WINDOWS\System32\NSI.dll
0x00007ffa0b6a0000 - 0x00007ffa0b6b6000 	C:\WINDOWS\SYSTEM32\dhcpcsvc6.DLL
0x00007ffa0b770000 - 0x00007ffa0b78c000 	C:\WINDOWS\SYSTEM32\dhcpcsvc.DLL
0x00007ffa12d00000 - 0x00007ffa12dc6000 	C:\WINDOWS\SYSTEM32\DNSAPI.dll

VM Arguments:
jvm_args: -Xmx1536m -Dfile.encoding=windows-1252 -Duser.country=US -Duser.language=en -Duser.variant 
java_command: org.gradle.launcher.daemon.bootstrap.GradleDaemon 5.1.1
java_class_path (initial): C:\Users\Mayokun\.gradle\wrapper\dists\gradle-5.1.1-all\97z1ksx6lirer3kbvdnh7jtjg\gradle-5.1.1\lib\gradle-launcher-5.1.1.jar
Launcher Type: SUN_STANDARD

Environment Variables:
PATH=C:\Program Files (x86)\Common Files\Oracle\Java\javapath;C:\WINDOWS\system32;C:\WINDOWS;C:\WINDOWS\System32\Wbem;C:\WINDOWS\System32\WindowsPowerShell\v1.0\;C:\WINDOWS\System32\OpenSSH\;C:\Program Files\Git\cmd;c:\Program Files\PuTTY\;C:\Program Files\SourceGear\Common\DiffMerge\;C:\Ruby25-x64\bin;C:\Users\Mayokun\AppData\Local\Microsoft\WindowsApps;C:\Users\Mayokun\AppData\Local\Programs\Microsoft VS Code\bin;C:\Program Files\JetBrains\IntelliJ IDEA Community Edition 2018.3.1\bin;;C:\src\flutter\bin;C:\Program Files\Java\jdk-11.0.1\bin
USERNAME=Mayokun
OS=Windows_NT
PROCESSOR_IDENTIFIER=Intel64 Family 6 Model 37 Stepping 5, GenuineIntel



---------------  S Y S T E M  ---------------

OS: Windows 10.0 , 64 bit Build 17763 (10.0.17763.475)

CPU:total 4 (initial active 4) (2 cores per cpu, 2 threads per core) family 6 model 37 stepping 5, cmov, cx8, fxsr, mmx, sse, sse2, sse3, ssse3, sse4.1, sse4.2, popcnt, aes, clmul, ht, tsc, tscinvbit

Memory: 4k page, physical 6077824k(894560k free), swap 7754112k(3920k free)

vm_info: OpenJDK 64-Bit Server VM (25.152-b01) for windows-amd64 JRE (1.8.0_152-release-1343-b01), built by "builder" with MS VC++ 10.0 (VS2010)

time: Wed Jun 12 21:40:11 2019
elapsed time: 60 seconds (0d 0h 1m 0s)

