#
# There is insufficient memory for the Java Runtime Environment to continue.
# Native memory allocation (malloc) failed to allocate 1036976 bytes for Chunk::new
# Possible reasons:
#   The system is out of physical RAM or swap space
#   In 32 bit mode, the process size limit was hit
# Possible solutions:
#   Reduce memory load on the system
#   Increase physical memory or swap space
#   Check if swap backing store is full
#   Use 64 bit Java on a 64 bit OS
#   Decrease Java heap size (-Xmx/-Xms)
#   Decrease number of Java threads
#   Decrease Java thread stack sizes (-Xss)
#   Set larger code cache with -XX:ReservedCodeCacheSize=
# This output file may be truncated or incomplete.
#
#  Out of Memory Error (allocation.cpp:390), pid=6268, tid=0x00000000000018e8
#
# JRE version: OpenJDK Runtime Environment (8.0_152-b01) (build 1.8.0_152-release-1343-b01)
# Java VM: OpenJDK 64-Bit Server VM (25.152-b01 mixed mode windows-amd64 compressed oops)
# Failed to write core dump. Minidumps are not enabled by default on client versions of Windows
#

---------------  T H R E A D  ---------------

Current thread (0x000000001608d000):  JavaThread "C2 CompilerThread1" daemon [_thread_in_native, id=6376, stack(0x00000000177f0000,0x00000000178f0000)]

Stack: [0x00000000177f0000,0x00000000178f0000]
[error occurred during error reporting (printing stack bounds), id 0xc0000005]

Native frames: (J=compiled Java code, j=interpreted, Vv=VM code, C=native code)


Current CompileTask:
C2:  17980 5692       4       java.io.ObjectOutputStream::writeClassDesc (60 bytes)


---------------  P R O C E S S  ---------------

Java Threads: ( => current thread )
  0x000000001ae98800 JavaThread "Memory manager" [_thread_blocked, id=6700, stack(0x0000000022f60000,0x0000000023060000)]
  0x000000001ae98000 JavaThread "Cache worker for Build Output Cleanup Cache (C:\Users\Mayokun\Desktop\QuickNotes\.gradle\buildOutputCleanup)" [_thread_blocked, id=7460, stack(0x0000000021e60000,0x0000000021f60000)]
  0x000000001ae93800 JavaThread "Build operations Thread 4" [_thread_blocked, id=5936, stack(0x0000000021960000,0x0000000021a60000)]
  0x000000001ae96800 JavaThread "Build operations Thread 3" [_thread_blocked, id=7488, stack(0x0000000021860000,0x0000000021960000)]
  0x000000001ae90800 JavaThread "Build operations Thread 2" [_thread_blocked, id=2384, stack(0x0000000021760000,0x0000000021860000)]
  0x000000001ae92000 JavaThread "Build operations" [_thread_blocked, id=8840, stack(0x000000001fbf0000,0x000000001fcf0000)]
  0x000000001ae91000 JavaThread "Cache worker for execution history cache (C:\Users\Mayokun\.gradle\caches\5.1.1\executionHistory)" [_thread_blocked, id=9844, stack(0x000000001faf0000,0x000000001fbf0000)]
  0x000000001ae97000 JavaThread "Cache worker for cache directory md-rule (C:\Users\Mayokun\.gradle\caches\5.1.1\md-rule)" [_thread_blocked, id=11048, stack(0x000000001f760000,0x000000001f860000)]
  0x00000000189bf800 JavaThread "Cache worker for cache directory md-supplier (C:\Users\Mayokun\.gradle\caches\5.1.1\md-supplier)" [_thread_blocked, id=1872, stack(0x000000001cf00000,0x000000001d000000)]
  0x00000000189c4000 JavaThread "Cache worker for file hash cache (C:\Users\Mayokun\Desktop\QuickNotes\.gradle\5.1.1\fileHashes)" [_thread_blocked, id=1072, stack(0x000000001ce00000,0x000000001cf00000)]
  0x00000000189c1000 JavaThread "Cache worker for journal cache (C:\Users\Mayokun\.gradle\caches\journal-1)" [_thread_blocked, id=2376, stack(0x000000001ab60000,0x000000001ac60000)]
  0x00000000189c2000 JavaThread "File lock request listener" [_thread_in_native, id=12204, stack(0x000000001aa60000,0x000000001ab60000)]
  0x0000000019364800 JavaThread "Cache worker for file hash cache (C:\Users\Mayokun\.gradle\caches\5.1.1\fileHashes)" [_thread_blocked, id=4544, stack(0x000000001a960000,0x000000001aa60000)]
  0x0000000018df2000 JavaThread "Thread-8" [_thread_blocked, id=10844, stack(0x000000001a860000,0x000000001a960000)]
  0x0000000018df6800 JavaThread "Stdin handler" [_thread_blocked, id=8628, stack(0x000000001a760000,0x000000001a860000)]
  0x0000000018e1b000 JavaThread "Asynchronous log dispatcher for DefaultDaemonConnection: socket connection from /127.0.0.1:14455 to /127.0.0.1:14456" [_thread_blocked, id=6448, stack(0x000000001a660000,0x000000001a760000)]
  0x0000000019231800 JavaThread "Daemon worker" [_thread_in_Java, id=12988, stack(0x000000001a560000,0x000000001a660000)]
  0x000000001922d000 JavaThread "Cancel handler" [_thread_blocked, id=208, stack(0x000000001a460000,0x000000001a560000)]
  0x000000001921d800 JavaThread "Handler for socket connection from /127.0.0.1:14455 to /127.0.0.1:14456" [_thread_in_native, id=7108, stack(0x000000001a160000,0x000000001a260000)]
  0x000000001920a000 JavaThread "Daemon" [_thread_blocked, id=8976, stack(0x000000001a060000,0x000000001a160000)]
  0x0000000019205000 JavaThread "Daemon periodic checks" [_thread_blocked, id=10500, stack(0x0000000019f60000,0x000000001a060000)]
  0x0000000018e82800 JavaThread "Incoming local TCP Connector on port 14455" [_thread_in_native, id=8424, stack(0x0000000019d20000,0x0000000019e20000)]
  0x0000000017a19800 JavaThread "Service Thread" daemon [_thread_blocked, id=8116, stack(0x0000000017df0000,0x0000000017ef0000)]
  0x000000001609a000 JavaThread "C1 CompilerThread2" daemon [_thread_blocked, id=4224, stack(0x00000000178f0000,0x00000000179f0000)]
=>0x000000001608d000 JavaThread "C2 CompilerThread1" daemon [_thread_in_native, id=6376, stack(0x00000000177f0000,0x00000000178f0000)]
  0x0000000016088000 JavaThread "C2 CompilerThread0" daemon [_thread_in_native, id=13220, stack(0x00000000176f0000,0x00000000177f0000)]
  0x0000000016095800 JavaThread "Attach Listener" daemon [_thread_blocked, id=11328, stack(0x00000000175f0000,0x00000000176f0000)]
  0x0000000016094800 JavaThread "Signal Dispatcher" daemon [_thread_blocked, id=12148, stack(0x00000000174f0000,0x00000000175f0000)]
  0x00000000026fb800 JavaThread "Finalizer" daemon [_thread_blocked, id=11192, stack(0x00000000172f0000,0x00000000173f0000)]
  0x00000000026f0800 JavaThread "Reference Handler" daemon [_thread_blocked, id=13272, stack(0x00000000171f0000,0x00000000172f0000)]
  0x0000000000d0e000 JavaThread "main" [_thread_blocked, id=4880, stack(0x0000000000d10000,0x0000000000e10000)]

Other Threads:
  0x0000000016056800 VMThread [stack: 0x00000000170f0000,0x00000000171f0000] [id=9908]
  0x0000000017a1b000 WatcherThread [stack: 0x0000000017ef0000,0x0000000017ff0000] [id=12192]

VM state:not at safepoint (normal execution)

VM Mutex/Monitor currently owned by a thread: None

Heap:
 PSYoungGen      total 130048K, used 49481K [0x00000000e0000000, 0x00000000eac80000, 0x0000000100000000)
  eden space 116224K, 42% used [0x00000000e0000000,0x00000000e3052528,0x00000000e7180000)
  from space 13824K, 0% used [0x00000000e7180000,0x00000000e7180000,0x00000000e7f00000)
  to   space 14848K, 0% used [0x00000000e9e00000,0x00000000e9e00000,0x00000000eac80000)
 ParOldGen       total 120832K, used 32591K [0x00000000a0000000, 0x00000000a7600000, 0x00000000e0000000)
  object space 120832K, 26% used [0x00000000a0000000,0x00000000a1fd3cc0,0x00000000a7600000)
 Metaspace       used 59920K, capacity 61756K, committed 61848K, reserved 1101824K
  class space    used 8137K, capacity 8540K, committed 8616K, reserved 1048576K

Card table byte_map: [0x0000000011ac0000,0x0000000011dd0000] byte_map_base: 0x00000000115c0000

Marking Bits: (ParMarkBitMap*) 0x0000000051885aa0
 Begin Bits: [0x00000000123d0000, 0x0000000013bd0000)
 End Bits:   [0x0000000013bd0000, 0x00000000153d0000)

Polling page: 0x00000000005f0000

CodeCache: size=245760Kb used=18066Kb max_used=18066Kb free=227693Kb
 bounds [0x0000000002700000, 0x00000000038c0000, 0x0000000011700000]
 total_blobs=6194 nmethods=5406 adapters=702
 compilation: enabled

Compilation events (10 events):
Event: 17.970 Thread 0x000000001609a000 nmethod 5818 0x00000000038b05d0 code [0x00000000038b0740, 0x00000000038b0970]
Event: 17.970 Thread 0x000000001609a000 5819       3       org.gradle.tooling.internal.provider.events.AbstractResult::<init> (21 bytes)
Event: 17.970 Thread 0x000000001609a000 nmethod 5819 0x00000000038a3650 code [0x00000000038a37a0, 0x00000000038a3970]
Event: 17.970 Thread 0x000000001609a000 5820       3       org.gradle.tooling.internal.provider.events.DefaultOperationFinishedProgressEvent::<init> (13 bytes)
Event: 17.970 Thread 0x000000001609a000 nmethod 5820 0x00000000038b0a90 code [0x00000000038b0c00, 0x00000000038b0e30]
Event: 17.971 Thread 0x000000001609a000 5821       3       java.lang.reflect.Constructor::getExceptionTypes (11 bytes)
Event: 17.972 Thread 0x000000001609a000 nmethod 5821 0x00000000038b0f50 code [0x00000000038b10c0, 0x00000000038b13c8]
Event: 17.975 Thread 0x000000001609a000 5822       3       org.gradle.api.internal.tasks.properties.annotations.AbstractInputPropertyAnnotationHandler::shouldVisit (15 bytes)
Event: 17.976 Thread 0x000000001609a000 nmethod 5822 0x00000000038b1490 code [0x00000000038b1600, 0x00000000038b1810]
Event: 17.977 Thread 0x000000001609a000 5823       1       com.android.build.gradle.internal.scope.GlobalScope::getExtension (5 bytes)

GC Heap History (10 events):
Event: 11.519 GC heap before
{Heap before GC invocations=12 (full 2):
 PSYoungGen      total 101376K, used 8160K [0x00000000e0000000, 0x00000000e8980000, 0x0000000100000000)
  eden space 93184K, 0% used [0x00000000e0000000,0x00000000e0000000,0x00000000e5b00000)
  from space 8192K, 99% used [0x00000000e6600000,0x00000000e6df8010,0x00000000e6e00000)
  to   space 11264K, 0% used [0x00000000e5b00000,0x00000000e5b00000,0x00000000e6600000)
 ParOldGen       total 49664K, used 13135K [0x00000000a0000000, 0x00000000a3080000, 0x00000000e0000000)
  object space 49664K, 26% used [0x00000000a0000000,0x00000000a0cd3e90,0x00000000a3080000)
 Metaspace       used 34641K, capacity 35374K, committed 35496K, reserved 1079296K
  class space    used 4784K, capacity 5011K, committed 5032K, reserved 1048576K
Event: 11.620 GC heap after
Heap after GC invocations=12 (full 2):
 PSYoungGen      total 101376K, used 0K [0x00000000e0000000, 0x00000000e8980000, 0x0000000100000000)
  eden space 93184K, 0% used [0x00000000e0000000,0x00000000e0000000,0x00000000e5b00000)
  from space 8192K, 0% used [0x00000000e6600000,0x00000000e6600000,0x00000000e6e00000)
  to   space 11264K, 0% used [0x00000000e5b00000,0x00000000e5b00000,0x00000000e6600000)
 ParOldGen       total 80896K, used 18429K [0x00000000a0000000, 0x00000000a4f00000, 0x00000000e0000000)
  object space 80896K, 22% used [0x00000000a0000000,0x00000000a11ff710,0x00000000a4f00000)
 Metaspace       used 34628K, capacity 35332K, committed 35496K, reserved 1079296K
  class space    used 4780K, capacity 5004K, committed 5032K, reserved 1048576K
}
Event: 13.470 GC heap before
{Heap before GC invocations=13 (full 2):
 PSYoungGen      total 101376K, used 93184K [0x00000000e0000000, 0x00000000e8980000, 0x0000000100000000)
  eden space 93184K, 100% used [0x00000000e0000000,0x00000000e5b00000,0x00000000e5b00000)
  from space 8192K, 0% used [0x00000000e6600000,0x00000000e6600000,0x00000000e6e00000)
  to   space 11264K, 0% used [0x00000000e5b00000,0x00000000e5b00000,0x00000000e6600000)
 ParOldGen       total 80896K, used 18429K [0x00000000a0000000, 0x00000000a4f00000, 0x00000000e0000000)
  object space 80896K, 22% used [0x00000000a0000000,0x00000000a11ff710,0x00000000a4f00000)
 Metaspace       used 44465K, capacity 45466K, committed 45736K, reserved 1089536K
  class space    used 5979K, capacity 6277K, committed 6312K, reserved 1048576K
Event: 13.491 GC heap after
Heap after GC invocations=13 (full 2):
 PSYoungGen      total 104448K, used 11257K [0x00000000e0000000, 0x00000000e8c80000, 0x0000000100000000)
  eden space 93184K, 0% used [0x00000000e0000000,0x00000000e0000000,0x00000000e5b00000)
  from space 11264K, 99% used [0x00000000e5b00000,0x00000000e65fe750,0x00000000e6600000)
  to   space 13824K, 0% used [0x00000000e7f00000,0x00000000e7f00000,0x00000000e8c80000)
 ParOldGen       total 80896K, used 21030K [0x00000000a0000000, 0x00000000a4f00000, 0x00000000e0000000)
  object space 80896K, 25% used [0x00000000a0000000,0x00000000a1489bf8,0x00000000a4f00000)
 Metaspace       used 44465K, capacity 45466K, committed 45736K, reserved 1089536K
  class space    used 5979K, capacity 6277K, committed 6312K, reserved 1048576K
}
Event: 15.178 GC heap before
{Heap before GC invocations=14 (full 2):
 PSYoungGen      total 104448K, used 104441K [0x00000000e0000000, 0x00000000e8c80000, 0x0000000100000000)
  eden space 93184K, 100% used [0x00000000e0000000,0x00000000e5b00000,0x00000000e5b00000)
  from space 11264K, 99% used [0x00000000e5b00000,0x00000000e65fe750,0x00000000e6600000)
  to   space 13824K, 0% used [0x00000000e7f00000,0x00000000e7f00000,0x00000000e8c80000)
 ParOldGen       total 80896K, used 21030K [0x00000000a0000000, 0x00000000a4f00000, 0x00000000e0000000)
  object space 80896K, 25% used [0x00000000a0000000,0x00000000a1489bf8,0x00000000a4f00000)
 Metaspace       used 52057K, capacity 53350K, committed 53416K, reserved 1095680K
  class space    used 6965K, capacity 7324K, committed 7336K, reserved 1048576K
Event: 15.201 GC heap after
Heap after GC invocations=14 (full 2):
 PSYoungGen      total 130048K, used 8475K [0x00000000e0000000, 0x00000000e8c80000, 0x0000000100000000)
  eden space 116224K, 0% used [0x00000000e0000000,0x00000000e0000000,0x00000000e7180000)
  from space 13824K, 61% used [0x00000000e7f00000,0x00000000e8746f80,0x00000000e8c80000)
  to   space 13824K, 0% used [0x00000000e7180000,0x00000000e7180000,0x00000000e7f00000)
 ParOldGen       total 80896K, used 26785K [0x00000000a0000000, 0x00000000a4f00000, 0x00000000e0000000)
  object space 80896K, 33% used [0x00000000a0000000,0x00000000a1a28430,0x00000000a4f00000)
 Metaspace       used 52057K, capacity 53350K, committed 53416K, reserved 1095680K
  class space    used 6965K, capacity 7324K, committed 7336K, reserved 1048576K
}
Event: 16.184 GC heap before
{Heap before GC invocations=15 (full 2):
 PSYoungGen      total 130048K, used 73269K [0x00000000e0000000, 0x00000000e8c80000, 0x0000000100000000)
  eden space 116224K, 55% used [0x00000000e0000000,0x00000000e3f46590,0x00000000e7180000)
  from space 13824K, 61% used [0x00000000e7f00000,0x00000000e8746f80,0x00000000e8c80000)
  to   space 13824K, 0% used [0x00000000e7180000,0x00000000e7180000,0x00000000e7f00000)
 ParOldGen       total 80896K, used 26785K [0x00000000a0000000, 0x00000000a4f00000, 0x00000000e0000000)
  object space 80896K, 33% used [0x00000000a0000000,0x00000000a1a28430,0x00000000a4f00000)
 Metaspace       used 57452K, capacity 59098K, committed 59160K, reserved 1099776K
  class space    used 7748K, capacity 8174K, committed 8232K, reserved 1048576K
Event: 16.205 GC heap after
Heap after GC invocations=15 (full 2):
 PSYoungGen      total 130048K, used 12029K [0x00000000e0000000, 0x00000000eac80000, 0x0000000100000000)
  eden space 116224K, 0% used [0x00000000e0000000,0x00000000e0000000,0x00000000e7180000)
  from space 13824K, 87% used [0x00000000e7180000,0x00000000e7d3f588,0x00000000e7f00000)
  to   space 14848K, 0% used [0x00000000e9e00000,0x00000000e9e00000,0x00000000eac80000)
 ParOldGen       total 80896K, used 26793K [0x00000000a0000000, 0x00000000a4f00000, 0x00000000e0000000)
  object space 80896K, 33% used [0x00000000a0000000,0x00000000a1a2a430,0x00000000a4f00000)
 Metaspace       used 57452K, capacity 59098K, committed 59160K, reserved 1099776K
  class space    used 7748K, capacity 8174K, committed 8232K, reserved 1048576K
}
Event: 16.205 GC heap before
{Heap before GC invocations=16 (full 3):
 PSYoungGen      total 130048K, used 12029K [0x00000000e0000000, 0x00000000eac80000, 0x0000000100000000)
  eden space 116224K, 0% used [0x00000000e0000000,0x00000000e0000000,0x00000000e7180000)
  from space 13824K, 87% used [0x00000000e7180000,0x00000000e7d3f588,0x00000000e7f00000)
  to   space 14848K, 0% used [0x00000000e9e00000,0x00000000e9e00000,0x00000000eac80000)
 ParOldGen       total 80896K, used 26793K [0x00000000a0000000, 0x00000000a4f00000, 0x00000000e0000000)
  object space 80896K, 33% used [0x00000000a0000000,0x00000000a1a2a430,0x00000000a4f00000)
 Metaspace       used 57452K, capacity 59098K, committed 59160K, reserved 1099776K
  class space    used 7748K, capacity 8174K, committed 8232K, reserved 1048576K
Event: 16.479 GC heap after
Heap after GC invocations=16 (full 3):
 PSYoungGen      total 130048K, used 0K [0x00000000e0000000, 0x00000000eac80000, 0x0000000100000000)
  eden space 116224K, 0% used [0x00000000e0000000,0x00000000e0000000,0x00000000e7180000)
  from space 13824K, 0% used [0x00000000e7180000,0x00000000e7180000,0x00000000e7f00000)
  to   space 14848K, 0% used [0x00000000e9e00000,0x00000000e9e00000,0x00000000eac80000)
 ParOldGen       total 120832K, used 32591K [0x00000000a0000000, 0x00000000a7600000, 0x00000000e0000000)
  object space 120832K, 26% used [0x00000000a0000000,0x00000000a1fd3cc0,0x00000000a7600000)
 Metaspace       used 57452K, capacity 59098K, committed 59160K, reserved 1099776K
  class space    used 7748K, capacity 8174K, committed 8232K, reserved 1048576K
}

Deoptimization events (10 events):
Event: 14.630 Thread 0x0000000019231800 Uncommon trap: reason=unstable_if action=reinterpret pc=0x00000000034371dc method=java.lang.CharacterDataLatin1.digit(II)I @ 31
Event: 15.006 Thread 0x0000000019231800 Uncommon trap: reason=unstable_if action=reinterpret pc=0x0000000003438b34 method=com.sun.org.apache.xerces.internal.impl.XMLEntityScanner.checkBeforeLoad(Lcom/sun/xml/internal/stream/Entity$ScannedEntity;II)I @ 18
Event: 15.097 Thread 0x0000000019231800 Uncommon trap: reason=unstable_if action=reinterpret pc=0x0000000003176514 method=jdk.internal.org.objectweb.asm.Type.getArgumentsAndReturnSizes(Ljava/lang/String;)I @ 88
Event: 15.120 Thread 0x0000000019231800 Uncommon trap: reason=unstable_if action=reinterpret pc=0x00000000032b3b58 method=com.google.gson.stream.JsonReader.doPeek()I @ 315
Event: 15.539 Thread 0x0000000019231800 Uncommon trap: reason=unstable_if action=reinterpret pc=0x000000000285d8a4 method=java.lang.String.lastIndexOf([CII[CIII)I @ 17
Event: 15.678 Thread 0x0000000019231800 Uncommon trap: reason=unstable_if action=reinterpret pc=0x0000000003397e64 method=java.util.concurrent.ConcurrentHashMap.putVal(Ljava/lang/Object;Ljava/lang/Object;Z)Ljava/lang/Object; @ 195
Event: 15.716 Thread 0x0000000019231800 Uncommon trap: reason=unstable_if action=reinterpret pc=0x000000000361fac8 method=kotlin.reflect.jvm.internal.impl.protobuf.CodedInputStream.readRawVarint32()I @ 10
Event: 16.488 Thread 0x0000000019231800 Uncommon trap: reason=unstable_if action=reinterpret pc=0x0000000003097f94 method=java.io.WinNTFileSystem.normalize(Ljava/lang/String;)Ljava/lang/String; @ 74
Event: 16.709 Thread 0x0000000019231800 Uncommon trap: reason=unstable_if action=reinterpret pc=0x0000000003288040 method=java.lang.reflect.AccessibleObject.setAccessible0(Ljava/lang/reflect/AccessibleObject;Z)V @ 23
Event: 16.728 Thread 0x0000000019231800 Uncommon trap: reason=unstable_if action=reinterpret pc=0x00000000036d1a28 method=groovy.lang.MetaClassImpl.filterPropertyMethod(Ljava/lang/Object;ZZ)Ljava/lang/Object; @ 187

Classes redefined (0 events):
No events

Internal exceptions (10 events):
Event: 16.740 Thread 0x0000000019231800 Exception <a 'java/lang/ClassNotFoundException': org/jetbrains/plugins/gradle/model/ExternalProjectBeanInfo> (0x00000000e0bc5890) thrown at [D:\src\AOSP-openjdk-cygwin\jdk8u\hotspot\src\share\vm\classfile\systemDictionary.cpp, line 210]
Event: 16.740 Thread 0x0000000019231800 Exception <a 'java/lang/ClassNotFoundException': org/jetbrains/plugins/gradle/model/ExternalProjectCustomizer> (0x00000000e0bd6420) thrown at [D:\src\AOSP-openjdk-cygwin\jdk8u\hotspot\src\share\vm\classfile\systemDictionary.cpp, line 210]
Event: 16.747 Thread 0x0000000019231800 Exception <a 'java/lang/ClassNotFoundException': org/jetbrains/plugins/gradle/model/ExternalProjectPreviewBeanInfo> (0x00000000e0c182a0) thrown at [D:\src\AOSP-openjdk-cygwin\jdk8u\hotspot\src\share\vm\classfile\systemDictionary.cpp, line 210]
Event: 16.748 Thread 0x0000000019231800 Exception <a 'java/lang/ClassNotFoundException': org/jetbrains/plugins/gradle/model/ExternalProjectPreviewCustomizer> (0x00000000e0c2a1a0) thrown at [D:\src\AOSP-openjdk-cygwin\jdk8u\hotspot\src\share\vm\classfile\systemDictionary.cpp, line 210]
Event: 16.752 Thread 0x0000000019231800 Exception <a 'java/lang/ClassNotFoundException': org/jetbrains/plugins/gradle/model/IntelliJProjectSettingsBeanInfo> (0x00000000e0c5e4a8) thrown at [D:\src\AOSP-openjdk-cygwin\jdk8u\hotspot\src\share\vm\classfile\systemDictionary.cpp, line 210]
Event: 16.752 Thread 0x0000000019231800 Exception <a 'java/lang/ClassNotFoundException': org/jetbrains/plugins/gradle/model/IntelliJProjectSettingsCustomizer> (0x00000000e0c703b8) thrown at [D:\src\AOSP-openjdk-cygwin\jdk8u\hotspot\src\share\vm\classfile\systemDictionary.cpp, line 210]
Event: 17.130 Thread 0x0000000019231800 Exception <a 'java/lang/NoSuchMethodError': java.lang.Object.lambda$static$0(Ljava/util/Set;Ljava/util/Set;)Z> (0x00000000e19fc078) thrown at [D:\src\AOSP-openjdk-cygwin\jdk8u\hotspot\src\share\vm\interpreter\linkResolver.cpp, line 584]
Event: 17.131 Thread 0x0000000019231800 Exception <a 'java/lang/NoSuchMethodError': java.lang.Object.lambda$static$1(Ljava/util/Set;Ljava/util/Set;)Z> (0x00000000e19fefe8) thrown at [D:\src\AOSP-openjdk-cygwin\jdk8u\hotspot\src\share\vm\interpreter\linkResolver.cpp, line 584]
Event: 17.132 Thread 0x0000000019231800 Exception <a 'java/lang/NoSuchMethodError': java.lang.Object.lambda$static$2(Ljava/util/Set;Ljava/util/Set;)Z> (0x00000000e1a01b28) thrown at [D:\src\AOSP-openjdk-cygwin\jdk8u\hotspot\src\share\vm\interpreter\linkResolver.cpp, line 584]
Event: 17.133 Thread 0x0000000019231800 Exception <a 'java/lang/NoSuchMethodError': java.lang.Object.lambda$static$3(Ljava/util/Set;Ljava/util/Set;)Z> (0x00000000e1a04668) thrown at [D:\src\AOSP-openjdk-cygwin\jdk8u\hotspot\src\share\vm\interpreter\linkResolver.cpp, line 584]

Events (10 events):
Event: 17.897 loading class com/android/build/gradle/internal/packaging/IncrementalPackagerBuilder$ApkFormat$3
Event: 17.897 loading class com/android/build/gradle/internal/packaging/IncrementalPackagerBuilder$ApkFormat$3 done
Event: 17.898 loading class com/android/tools/build/apkzlib/zfile/ApkCreator
Event: 17.898 loading class com/android/tools/build/apkzlib/zfile/ApkCreator done
Event: 17.903 loading class com/android/build/gradle/internal/tasks/PackageBundleTask$BundleOptions
Event: 17.903 loading class com/android/build/gradle/internal/tasks/PackageBundleTask$BundleOptions done
Event: 17.947 loading class com/android/build/gradle/internal/tasks/PackageBundleTask$BundleFlags
Event: 17.947 loading class com/android/build/gradle/internal/tasks/PackageBundleTask$BundleFlags done
Event: 17.954 loading class com/android/build/gradle/internal/tasks/PackageBundleTaskKt
Event: 17.954 loading class com/android/build/gradle/internal/tasks/PackageBundleTaskKt done


Dynamic libraries:
0x00007ff72a9f0000 - 0x00007ff72aa21000 	C:\Program Files\Android\Android Studio\jre\bin\java.exe
0x00007ffa176e0000 - 0x00007ffa178cd000 	C:\WINDOWS\SYSTEM32\ntdll.dll
0x00007ffa16ab0000 - 0x00007ffa16b63000 	C:\WINDOWS\System32\KERNEL32.DLL
0x00007ffa13f00000 - 0x00007ffa14193000 	C:\WINDOWS\System32\KERNELBASE.dll
0x00007ffa16a00000 - 0x00007ffa16aa3000 	C:\WINDOWS\System32\ADVAPI32.dll
0x00007ffa14910000 - 0x00007ffa149ae000 	C:\WINDOWS\System32\msvcrt.dll
0x00007ffa16f30000 - 0x00007ffa16fce000 	C:\WINDOWS\System32\sechost.dll
0x00007ffa14d90000 - 0x00007ffa14eb2000 	C:\WINDOWS\System32\RPCRT4.dll
0x00007ffa17440000 - 0x00007ffa175d7000 	C:\WINDOWS\System32\USER32.dll
0x00007ffa144a0000 - 0x00007ffa144c0000 	C:\WINDOWS\System32\win32u.dll
0x00007ffa14ec0000 - 0x00007ffa14ee9000 	C:\WINDOWS\System32\GDI32.dll
0x00007ffa141d0000 - 0x00007ffa1436a000 	C:\WINDOWS\System32\gdi32full.dll
0x00007ffa146a0000 - 0x00007ffa14740000 	C:\WINDOWS\System32\msvcp_win.dll
0x00007ffa14740000 - 0x00007ffa1483a000 	C:\WINDOWS\System32\ucrtbase.dll
0x00007ffa02ef0000 - 0x00007ffa03169000 	C:\WINDOWS\WinSxS\amd64_microsoft.windows.common-controls_6595b64144ccf1df_6.0.17763.503_none_05b23ef40721f4ae\COMCTL32.dll
0x00007ffa17110000 - 0x00007ffa1743c000 	C:\WINDOWS\System32\combase.dll
0x00007ffa14420000 - 0x00007ffa1449e000 	C:\WINDOWS\System32\bcryptPrimitives.dll
0x00007ffa16860000 - 0x00007ffa1688e000 	C:\WINDOWS\System32\IMM32.DLL
0x0000000050fe0000 - 0x00000000510b2000 	C:\Program Files\Android\Android Studio\jre\jre\bin\msvcr100.dll
0x00000000510c0000 - 0x0000000051901000 	C:\Program Files\Android\Android Studio\jre\jre\bin\server\jvm.dll
0x00007ffa17030000 - 0x00007ffa17038000 	C:\WINDOWS\System32\PSAPI.DLL
0x00007ffa11760000 - 0x00007ffa11784000 	C:\WINDOWS\SYSTEM32\WINMM.dll
0x00007ffa04680000 - 0x00007ffa0468a000 	C:\WINDOWS\SYSTEM32\VERSION.dll
0x00007ffa117e0000 - 0x00007ffa117e9000 	C:\WINDOWS\SYSTEM32\WSOCK32.dll
0x00007ffa17640000 - 0x00007ffa176ad000 	C:\WINDOWS\System32\WS2_32.dll
0x00007ffa11640000 - 0x00007ffa1166d000 	C:\WINDOWS\SYSTEM32\WINMMBASE.dll
0x00007ffa148c0000 - 0x00007ffa1490a000 	C:\WINDOWS\System32\cfgmgr32.dll
0x00007ffa111d0000 - 0x00007ffa111df000 	C:\Program Files\Android\Android Studio\jre\jre\bin\verify.dll
0x00007ff9fa2a0000 - 0x00007ff9fa2c9000 	C:\Program Files\Android\Android Studio\jre\jre\bin\java.dll
0x00007ff9fa300000 - 0x00007ff9fa316000 	C:\Program Files\Android\Android Studio\jre\jre\bin\zip.dll
0x00007ffa14ef0000 - 0x00007ffa163e0000 	C:\WINDOWS\System32\SHELL32.dll
0x00007ffa14bc0000 - 0x00007ffa14c68000 	C:\WINDOWS\System32\shcore.dll
0x00007ffa137b0000 - 0x00007ffa13efa000 	C:\WINDOWS\System32\windows.storage.dll
0x00007ffa13700000 - 0x00007ffa13724000 	C:\WINDOWS\System32\profapi.dll
0x00007ffa13730000 - 0x00007ffa1378d000 	C:\WINDOWS\System32\powrprof.dll
0x00007ffa14d30000 - 0x00007ffa14d82000 	C:\WINDOWS\System32\shlwapi.dll
0x00007ffa13790000 - 0x00007ffa137a1000 	C:\WINDOWS\System32\kernel.appcore.dll
0x00007ffa14840000 - 0x00007ffa14857000 	C:\WINDOWS\System32\cryptsp.dll
0x00007ff9f9d60000 - 0x00007ff9f9d7a000 	C:\Program Files\Android\Android Studio\jre\jre\bin\net.dll
0x00007ffa12f60000 - 0x00007ffa12fc7000 	C:\WINDOWS\system32\mswsock.dll
0x00007ff9f9d40000 - 0x00007ff9f9d51000 	C:\Program Files\Android\Android Studio\jre\jre\bin\nio.dll
0x00007ffa06e40000 - 0x00007ffa06e5e000 	C:\Users\Mayokun\.gradle\native\25\windows-amd64\native-platform.dll
0x00007ffa111b0000 - 0x00007ffa111bd000 	C:\Program Files\Android\Android Studio\jre\jre\bin\management.dll
0x00007ffa12b20000 - 0x00007ffa12b53000 	C:\WINDOWS\system32\rsaenh.dll
0x00007ffa141a0000 - 0x00007ffa141c6000 	C:\WINDOWS\System32\bcrypt.dll
0x00007ffa13610000 - 0x00007ffa13638000 	C:\WINDOWS\SYSTEM32\USERENV.dll
0x00007ffa13130000 - 0x00007ffa1313c000 	C:\WINDOWS\SYSTEM32\CRYPTBASE.dll
0x00007ffa12cc0000 - 0x00007ffa12cfd000 	C:\WINDOWS\SYSTEM32\IPHLPAPI.DLL
0x00007ffa16b70000 - 0x00007ffa16b78000 	C:\WINDOWS\System32\NSI.dll
0x00007ffa0b6a0000 - 0x00007ffa0b6b6000 	C:\WINDOWS\SYSTEM32\dhcpcsvc6.DLL
0x00007ffa0b770000 - 0x00007ffa0b78c000 	C:\WINDOWS\SYSTEM32\dhcpcsvc.DLL
0x00007ffa12d00000 - 0x00007ffa12dc6000 	C:\WINDOWS\SYSTEM32\DNSAPI.dll

VM Arguments:
jvm_args: -Xmx1536m -Dfile.encoding=windows-1252 -Duser.country=US -Duser.language=en -Duser.variant 
java_command: org.gradle.launcher.daemon.bootstrap.GradleDaemon 5.1.1
java_class_path (initial): C:\Users\Mayokun\.gradle\wrapper\dists\gradle-5.1.1-all\97z1ksx6lirer3kbvdnh7jtjg\gradle-5.1.1\lib\gradle-launcher-5.1.1.jar
Launcher Type: SUN_STANDARD

Environment Variables:
PATH=C:\Program Files (x86)\Common Files\Oracle\Java\javapath;C:\WINDOWS\system32;C:\WINDOWS;C:\WINDOWS\System32\Wbem;C:\WINDOWS\System32\WindowsPowerShell\v1.0\;C:\WINDOWS\System32\OpenSSH\;C:\Program Files\Git\cmd;c:\Program Files\PuTTY\;C:\Program Files\SourceGear\Common\DiffMerge\;C:\Ruby25-x64\bin;C:\Users\Mayokun\AppData\Local\Microsoft\WindowsApps;C:\Users\Mayokun\AppData\Local\Programs\Microsoft VS Code\bin;C:\Program Files\JetBrains\IntelliJ IDEA Community Edition 2018.3.1\bin;;C:\src\flutter\bin;C:\Program Files\Java\jdk-11.0.1\bin
USERNAME=Mayokun
OS=Windows_NT
PROCESSOR_IDENTIFIER=Intel64 Family 6 Model 37 Stepping 5, GenuineIntel



---------------  S Y S T E M  ---------------

OS: Windows 10.0 , 64 bit Build 17763 (10.0.17763.475)

CPU:total 4 (initial active 4) (2 cores per cpu, 2 threads per core) family 6 model 37 stepping 5, cmov, cx8, fxsr, mmx, sse, sse2, sse3, ssse3, sse4.1, sse4.2, popcnt, aes, clmul, ht, tsc, tscinvbit

Memory: 4k page, physical 6077824k(986152k free), swap 7754112k(5128k free)

vm_info: OpenJDK 64-Bit Server VM (25.152-b01) for windows-amd64 JRE (1.8.0_152-release-1343-b01), built by "builder" with MS VC++ 10.0 (VS2010)

time: Wed Jun 12 21:38:40 2019
elapsed time: 17 seconds (0d 0h 0m 17s)

